<?xml version="1.0" encoding="UTF-8"?>
<robot generator="Robot 6.0.1 (Python 3.7.7 on win32)" generated="20230927 12:52:50.949" rpa="false" schemaversion="3">
<suite id="s1" name="gRPC Testing" source="C:\Users\gouthama\Desktop\gRPC_git\Titan_gRPC\GRPC_Testing\TestCase\gRPC_Testing.robot">
<kw name="Suite Setup Demo" library="grpc_keywords" type="SETUP">
<kw name="Log" library="BuiltIn">
<arg>Suite Setup Demo is executed</arg>
<doc>Logs the given message with the given level.</doc>
<msg timestamp="20230927 12:52:51.346" level="INFO">Suite Setup Demo is executed</msg>
<status status="PASS" starttime="20230927 12:52:51.346" endtime="20230927 12:52:51.346"/>
</kw>
<status status="PASS" starttime="20230927 12:52:51.346" endtime="20230927 12:52:51.346"/>
</kw>
<test id="s1-t1" name="Testcase" line="14">
<kw name="Test Case To Check" library="grpc_keywords">
<arg>${sender}</arg>
<arg>${receiver}</arg>
<kw name="Log" library="BuiltIn">
<arg>${sender.host}</arg>
<doc>Logs the given message with the given level.</doc>
<msg timestamp="20230927 12:52:51.350" level="INFO">192.168.29.141</msg>
<status status="PASS" starttime="20230927 12:52:51.348" endtime="20230927 12:52:51.350"/>
</kw>
<kw name="Log" library="BuiltIn">
<arg>${reciver.host}</arg>
<doc>Logs the given message with the given level.</doc>
<msg timestamp="20230927 12:52:51.351" level="INFO">192.168.29.11</msg>
<status status="PASS" starttime="20230927 12:52:51.350" endtime="20230927 12:52:51.351"/>
</kw>
<status status="PASS" starttime="20230927 12:52:51.347" endtime="20230927 12:52:51.351"/>
</kw>
<tag>gRPC</tag>
<timeout value="15 minutes"/>
<status status="PASS" starttime="20230927 12:52:51.347" endtime="20230927 12:52:51.351"/>
</test>
<test id="s1-t2" name="GRPC_Test_01" line="17">
<kw name="test setup demo" library="grpc_keywords" type="SETUP">
<kw name="Log" library="BuiltIn">
<arg>the test setup demo keyword is executed</arg>
<doc>Logs the given message with the given level.</doc>
<msg timestamp="20230927 12:52:51.354" level="INFO">the test setup demo keyword is executed</msg>
<status status="PASS" starttime="20230927 12:52:51.353" endtime="20230927 12:52:51.354"/>
</kw>
<status status="PASS" starttime="20230927 12:52:51.353" endtime="20230927 12:52:51.354"/>
</kw>
<kw name="Transfer File With Specified Location Using gRPC Protocol Via SSH" library="grpc_keywords">
<var>${status}</var>
<arg>${Sender}</arg>
<arg>${Receiver}</arg>
<kw name="Reciver command" library="grpc_keywords">
<var>${receiver_result}</var>
<arg>${receiver.host}</arg>
<arg>${receiver.user}</arg>
<arg>${receiver.pwd}</arg>
<arg>./${receiver.gRPC_Receiver_Command}</arg>
<kw name="Establish SSH Connection" library="grpc_keywords">
<arg>${host}</arg>
<arg>${user}</arg>
<arg>${pwd}</arg>
<kw name="Open Connection" library="SSHLibrary">
<arg>${host}</arg>
<doc>Opens a new SSH connection to the given ``host`` and ``port``.</doc>
<status status="PASS" starttime="20230927 12:52:51.357" endtime="20230927 12:52:51.358"/>
</kw>
<kw name="Login" library="SSHLibrary">
<arg>${user}</arg>
<arg>${pwd}</arg>
<doc>Logs into the SSH server with the given ``username`` and ``password``.</doc>
<msg timestamp="20230927 12:52:51.359" level="INFO">Logging into '192.168.29.11:22' as 'admin'.</msg>
<msg timestamp="20230927 12:52:52.535" level="INFO">Read output: Activate the web console with: systemctl enable --now cockpit.socket

Last login: Wed Sep 27 03:17:59 2023 from 192.168.29.98
[admin@gRPCreceiver ~]$</msg>
<status status="PASS" starttime="20230927 12:52:51.358" endtime="20230927 12:52:52.535"/>
</kw>
<status status="PASS" starttime="20230927 12:52:51.356" endtime="20230927 12:52:52.535"/>
</kw>
<kw name="Write" library="SSHLibrary">
<arg>cd ${receiver.bin_dir}</arg>
<doc>Writes the given ``text`` on the remote machine and appends a newline.</doc>
<msg timestamp="20230927 12:52:52.538" level="INFO">cd /home/admin/project/bin</msg>
<status status="PASS" starttime="20230927 12:52:52.535" endtime="20230927 12:52:52.538"/>
</kw>
<kw name="Write" library="SSHLibrary">
<arg>${cmd}</arg>
<doc>Writes the given ``text`` on the remote machine and appends a newline.</doc>
<msg timestamp="20230927 12:52:52.542" level="INFO">[admin@gRPCreceiver bin]$ ./grpc_receiver -c 1 -l 3 –D -d /tmp</msg>
<status status="PASS" starttime="20230927 12:52:52.538" endtime="20230927 12:52:52.543"/>
</kw>
<kw name="Read" library="SSHLibrary">
<var>${output}</var>
<arg>delay=2s</arg>
<doc>Consumes and returns everything available on the server output.</doc>
<msg timestamp="20230927 12:52:56.546" level="INFO">2023-09-27 03:23:04 [INFO] default receiving path is: /tmp
2023-09-27 03:23:04 [INFO] Starting GRPC Receiver...
2023-09-27 03:23:04 [INFO] Server listening on 0.0.0.0:50051 . Press Ctrl-C to end.</msg>
<msg timestamp="20230927 12:52:56.546" level="INFO">${output} = 2023-09-27 03:23:04 [INFO] default receiving path is: /tmp
2023-09-27 03:23:04 [INFO] Starting GRPC Receiver...
2023-09-27 03:23:04 [INFO] Server listening on 0.0.0.0:50051 . Press Ctrl-C to end.
...</msg>
<status status="PASS" starttime="20230927 12:52:52.543" endtime="20230927 12:52:56.546"/>
</kw>
<kw name="Log To Console" library="BuiltIn">
<arg>${output}</arg>
<doc>Logs the given message to the console.</doc>
<status status="PASS" starttime="20230927 12:52:56.546" endtime="20230927 12:52:56.547"/>
</kw>
<kw name="Log To Console" library="BuiltIn">
<arg>*********${cmd}***********</arg>
<doc>Logs the given message to the console.</doc>
<status status="PASS" starttime="20230927 12:52:56.547" endtime="20230927 12:52:56.549"/>
</kw>
<kw name="List Directory" library="SSHLibrary">
<var>${open_home}</var>
<arg>${receiver.bin_dir}</arg>
<doc>Returns and logs items in the remote ``path``, optionally filtered with ``pattern``.</doc>
<msg timestamp="20230927 12:52:56.625" level="INFO">[chan 1] Opened sftp connection (server version 3)</msg>
<msg timestamp="20230927 12:52:56.636" level="INFO">2 items:
grpc_receiver
grpc_sender</msg>
<msg timestamp="20230927 12:52:56.636" level="INFO">${open_home} = ['grpc_receiver', 'grpc_sender']</msg>
<status status="PASS" starttime="20230927 12:52:56.549" endtime="20230927 12:52:56.636"/>
</kw>
<msg timestamp="20230927 12:52:56.636" level="INFO">${receiver_result} = ['grpc_receiver', 'grpc_sender']</msg>
<status status="PASS" starttime="20230927 12:52:51.355" endtime="20230927 12:52:56.636"/>
</kw>
<kw name="Sender command specifed path" library="grpc_keywords">
<var>${snd_result}</var>
<arg>${sender.host}</arg>
<arg>${sender.user}</arg>
<arg>${sender.pwd}</arg>
<kw name="Establish SSH Connection" library="grpc_keywords">
<arg>${host}</arg>
<arg>${user}</arg>
<arg>${pwd}</arg>
<kw name="Open Connection" library="SSHLibrary">
<arg>${host}</arg>
<doc>Opens a new SSH connection to the given ``host`` and ``port``.</doc>
<status status="PASS" starttime="20230927 12:52:56.639" endtime="20230927 12:52:56.640"/>
</kw>
<kw name="Login" library="SSHLibrary">
<arg>${user}</arg>
<arg>${pwd}</arg>
<doc>Logs into the SSH server with the given ``username`` and ``password``.</doc>
<msg timestamp="20230927 12:52:56.640" level="INFO">Logging into '192.168.29.141:22' as 'admin'.</msg>
<msg timestamp="20230927 12:52:57.806" level="INFO">Read output: Activate the web console with: systemctl enable --now cockpit.socket

Last login: Wed Sep 27 03:17:54 2023 from 192.168.29.98
[admin@gRPCSender ~]$</msg>
<status status="PASS" starttime="20230927 12:52:56.640" endtime="20230927 12:52:57.806"/>
</kw>
<status status="PASS" starttime="20230927 12:52:56.637" endtime="20230927 12:52:57.806"/>
</kw>
<kw name="Write" library="SSHLibrary">
<arg>cd ${sender.bin_dir}</arg>
<doc>Writes the given ``text`` on the remote machine and appends a newline.</doc>
<msg timestamp="20230927 12:52:57.810" level="INFO">cd /home/admin/project/bin</msg>
<status status="PASS" starttime="20230927 12:52:57.806" endtime="20230927 12:52:57.810"/>
</kw>
<for flavor="IN">
<var>${element}</var>
<value>@{sender.senders_ip}</value>
<iter>
<var name="${element}">192.168.29.11:50051</var>
<kw name="Write" library="SSHLibrary">
<var>${stdout}</var>
<arg>./grpc_sender -D -s ${element} -f ${sender.bin_dir}/${sender.file_name} -v 1 -b 1MB -o ${sender.target_path}</arg>
<doc>Writes the given ``text`` on the remote machine and appends a newline.</doc>
<msg timestamp="20230927 12:52:57.816" level="INFO">[admin@gRPCSender bin]$ ./grpc_sender -D -s 192.168.29.11:50051 -f /home/admin/prroject/bin/test.txt -v 1 -b 1MB -o /tmp</msg>
<msg timestamp="20230927 12:52:57.817" level="INFO">${stdout} = [admin@gRPCSender bin]$ ./grpc_sender -D -s 192.168.29.11:50051 -f /home/admin/prroject/bin/test.txt -v 1 -b 1MB -o /tmp
</msg>
<status status="PASS" starttime="20230927 12:52:57.811" endtime="20230927 12:52:57.817"/>
</kw>
<kw name="Read" library="SSHLibrary">
<var>${output}</var>
<arg>delay=2s</arg>
<doc>Consumes and returns everything available on the server output.</doc>
<msg timestamp="20230927 12:53:01.819" level="INFO">2023-09-27 03:23:09 [INFO] Buffer chunk size is set to: 1MB
2023-09-27 03:23:09 [INFO] GRPC destination pod service is: 192.168.29.11:50051
2023-09-27 03:23:09 [INFO] Output Path: /tmp
2023-09-27 03:23:09 [INFO] Checksum validation is set to: md5
2023-09-27 03:23:09 [TRACE] log level is set to trace
2023-09-27 03:23:09 [TRACE] Compress is enabled at receiver side
2023-09-27 03:23:09 [TRACE] The file size of /home/admin/project/bin/test.txt is: 12 bytes.
2023-09-27 03:23:09 [TRACE] Hashed md5 value of /home/admin/project/bin/test.txt: 6f5902ac237024bdd0c176cb93063dc4
2023-09-27 03:23:09 [TRACE] MetaData is:
file name transfered: /home/admin/project/bin/test.txt
digest: 6f5902ac237024bdd0c176cb93063dc4
call type: 1
file size: 12
target path: /tmp
checksum algorithm: 1
2023-09-27 03:23:09 [TRACE] chunk size is set to 1048576
2023-09-27 03:23:09 [INFO] File /home/admin/project/bin/test.txt transfer succeeded.

2023-09-27 03:23:09 [INFO] Latency: 7716us
[admin@gRPCSender bin]$</msg>
<msg timestamp="20230927 12:53:01.819" level="INFO">${output} = 2023-09-27 03:23:09 [INFO] Buffer chunk size is set to: 1MB
2023-09-27 03:23:09 [INFO] GRPC destination pod service is: 192.168.29.11:50051
2023-09-27 03:23:09 [INFO] Output Path: /tmp
2023-09-27 0...</msg>
<status status="PASS" starttime="20230927 12:52:57.817" endtime="20230927 12:53:01.819"/>
</kw>
<kw name="Log" library="BuiltIn">
<arg>${output}</arg>
<doc>Logs the given message with the given level.</doc>
<msg timestamp="20230927 12:53:01.821" level="INFO">2023-09-27 03:23:09 [INFO] Buffer chunk size is set to: 1MB
2023-09-27 03:23:09 [INFO] GRPC destination pod service is: 192.168.29.11:50051
2023-09-27 03:23:09 [INFO] Output Path: /tmp
2023-09-27 03:23:09 [INFO] Checksum validation is set to: md5
2023-09-27 03:23:09 [TRACE] log level is set to trace
2023-09-27 03:23:09 [TRACE] Compress is enabled at receiver side
2023-09-27 03:23:09 [TRACE] The file size of /home/admin/project/bin/test.txt is: 12 bytes.
2023-09-27 03:23:09 [TRACE] Hashed md5 value of /home/admin/project/bin/test.txt: 6f5902ac237024bdd0c176cb93063dc4
2023-09-27 03:23:09 [TRACE] MetaData is:
file name transfered: /home/admin/project/bin/test.txt
digest: 6f5902ac237024bdd0c176cb93063dc4
call type: 1
file size: 12
target path: /tmp
checksum algorithm: 1
2023-09-27 03:23:09 [TRACE] chunk size is set to 1048576
2023-09-27 03:23:09 [INFO] File /home/admin/project/bin/test.txt transfer succeeded.

2023-09-27 03:23:09 [INFO] Latency: 7716us
[admin@gRPCSender bin]$ </msg>
<status status="PASS" starttime="20230927 12:53:01.820" endtime="20230927 12:53:01.822"/>
</kw>
<kw name="Should Contain" library="BuiltIn">
<arg>${output}</arg>
<arg>File ${sender.bin_dir}/${sender.file_name} transfer succeeded.</arg>
<doc>Fails if ``container`` does not contain ``item`` one or more times.</doc>
<status status="PASS" starttime="20230927 12:53:01.822" endtime="20230927 12:53:01.825"/>
</kw>
<status status="PASS" starttime="20230927 12:52:57.810" endtime="20230927 12:53:01.825"/>
</iter>
<status status="PASS" starttime="20230927 12:52:57.810" endtime="20230927 12:53:01.825"/>
</for>
<msg timestamp="20230927 12:53:01.826" level="INFO">${snd_result} = None</msg>
<status status="PASS" starttime="20230927 12:52:56.636" endtime="20230927 12:53:01.826"/>
</kw>
<kw name="Establish SSH Connection" library="grpc_keywords">
<arg>${receiver.host}</arg>
<arg>${receiver.user}</arg>
<arg>${receiver.pwd}</arg>
<kw name="Open Connection" library="SSHLibrary">
<arg>${host}</arg>
<doc>Opens a new SSH connection to the given ``host`` and ``port``.</doc>
<status status="PASS" starttime="20230927 12:53:01.830" endtime="20230927 12:53:01.832"/>
</kw>
<kw name="Login" library="SSHLibrary">
<arg>${user}</arg>
<arg>${pwd}</arg>
<doc>Logs into the SSH server with the given ``username`` and ``password``.</doc>
<msg timestamp="20230927 12:53:01.833" level="INFO">Logging into '192.168.29.11:22' as 'admin'.</msg>
<msg timestamp="20230927 12:53:03.059" level="INFO">Read output: Activate the web console with: systemctl enable --now cockpit.socket

Last login: Wed Sep 27 03:23:03 2023 from 192.168.29.98
[admin@gRPCreceiver ~]$</msg>
<status status="PASS" starttime="20230927 12:53:01.832" endtime="20230927 12:53:03.059"/>
</kw>
<status status="PASS" starttime="20230927 12:53:01.826" endtime="20230927 12:53:03.060"/>
</kw>
<kw name="List Directory" library="SSHLibrary">
<var>${open_home}</var>
<arg>${sender.target_path}</arg>
<doc>Returns and logs items in the remote ``path``, optionally filtered with ``pattern``.</doc>
<msg timestamp="20230927 12:53:03.185" level="INFO">[chan 1] Opened sftp connection (server version 3)</msg>
<msg timestamp="20230927 12:53:03.198" level="INFO">12 items:
.ICE-unix
.Test-unix
.X11-unix
.XIM-unix
.font-unix
.viminfo
.wget-hsts
hsperfdata_root
ks-script-6u_dsgc2
ks-script-j8i15gys
systemd-private-67a4916a27904f8382e0693bfc9dcfa1-chronyd.service-wnbOx2
test.txt</msg>
<msg timestamp="20230927 12:53:03.199" level="INFO">${open_home} = ['.ICE-unix', '.Test-unix', '.X11-unix', '.XIM-unix', '.font-unix', '.viminfo', '.wget-hsts', 'hsperfdata_root', 'ks-script-6u_dsgc2', 'ks-script-j8i15gys', 'systemd-private-67a4916a27904f8382e0693bfc...</msg>
<status status="PASS" starttime="20230927 12:53:03.060" endtime="20230927 12:53:03.199"/>
</kw>
<kw name="Should Contain" library="BuiltIn">
<arg>${open_home}</arg>
<arg>${sender.file_name}</arg>
<doc>Fails if ``container`` does not contain ``item`` one or more times.</doc>
<status status="PASS" starttime="20230927 12:53:03.199" endtime="20230927 12:53:03.202"/>
</kw>
<msg timestamp="20230927 12:53:03.202" level="INFO">${status} = None</msg>
<status status="PASS" starttime="20230927 12:52:51.354" endtime="20230927 12:53:03.202"/>
</kw>
<kw name="Log" library="BuiltIn">
<arg>${status}</arg>
<doc>Logs the given message with the given level.</doc>
<msg timestamp="20230927 12:53:03.204" level="INFO">None</msg>
<status status="PASS" starttime="20230927 12:53:03.203" endtime="20230927 12:53:03.205"/>
</kw>
<kw name="Run Keyword If" library="BuiltIn">
<arg>'${status}' == '${False}'</arg>
<arg>fail</arg>
<arg>Test case is Failed</arg>
<doc>Runs the given keyword with the given arguments, if ``condition`` is true.</doc>
<status status="PASS" starttime="20230927 12:53:03.205" endtime="20230927 12:53:03.206"/>
</kw>
<kw name="test teardown demo" library="grpc_keywords" type="TEARDOWN">
<kw name="Log" library="BuiltIn">
<arg>the test teardown keyword is executed</arg>
<doc>Logs the given message with the given level.</doc>
<msg timestamp="20230927 12:53:03.208" level="INFO">the test teardown keyword is executed</msg>
<status status="PASS" starttime="20230927 12:53:03.207" endtime="20230927 12:53:03.208"/>
</kw>
<status status="PASS" starttime="20230927 12:53:03.207" endtime="20230927 12:53:03.208"/>
</kw>
<doc>DESIGN STEPS

============

gRPC Tool Testing Using Automation

Step1:

Login to VM1.

Step 2:

Execute the gRPC Receiver Command.

Step 3:

Check the eexcuted command is success or fail

Step4:

Compare Result with expected Result.

*ASSIGNEE=#####*</doc>
<tag>DEMO</tag>
<tag>GRPC</tag>
<timeout value="15 minutes"/>
<status status="PASS" starttime="20230927 12:52:51.352" endtime="20230927 12:53:03.209"/>
</test>
<kw name="Suite Teardown Demo" library="grpc_keywords" type="TEARDOWN">
<kw name="Close All Connections" library="SSHLibrary">
<doc>Closes all open connections.</doc>
<status status="PASS" starttime="20230927 12:53:03.212" endtime="20230927 12:53:03.213"/>
</kw>
<status status="PASS" starttime="20230927 12:53:03.211" endtime="20230927 12:53:03.213"/>
</kw>
<status status="PASS" starttime="20230927 12:52:50.953" endtime="20230927 12:53:03.213"/>
</suite>
<statistics>
<total>
<stat pass="2" fail="0" skip="0">All Tests</stat>
</total>
<tag>
<stat pass="1" fail="0" skip="0">DEMO</stat>
<stat pass="2" fail="0" skip="0">gRPC</stat>
</tag>
<suite>
<stat pass="2" fail="0" skip="0" id="s1" name="gRPC Testing">gRPC Testing</stat>
</suite>
</statistics>
<errors>
</errors>
</robot>
