<?xml version="1.0" encoding="UTF-8"?>
<robot generator="Robot 6.0.1 (Python 3.7.7 on win32)" generated="20230927 12:27:08.778" rpa="false" schemaversion="3">
<suite id="s1" name="gRPC Testing" source="C:\Users\gouthama\Desktop\gRPC_git\Titan_gRPC\GRPC_Testing\TestCase\gRPC_Testing.robot">
<kw name="Suite Setup Demo" library="grpc_keywords" type="SETUP">
<kw name="Log" library="BuiltIn">
<arg>Suite Setup Demo is executed</arg>
<doc>Logs the given message with the given level.</doc>
<msg timestamp="20230927 12:27:09.311" level="INFO">Suite Setup Demo is executed</msg>
<status status="PASS" starttime="20230927 12:27:09.311" endtime="20230927 12:27:09.311"/>
</kw>
<status status="PASS" starttime="20230927 12:27:09.311" endtime="20230927 12:27:09.312"/>
</kw>
<test id="s1-t1" name="Testcase" line="14">
<kw name="Test Case To Check" library="grpc_keywords">
<arg>${sender}</arg>
<arg>${reciver}</arg>
<msg timestamp="20230927 12:27:09.313" level="FAIL">Variable '${reciver}' not found. Did you mean:
    ${receiver}</msg>
<status status="FAIL" starttime="20230927 12:27:09.312" endtime="20230927 12:27:09.313"/>
</kw>
<tag>gRPC</tag>
<timeout value="15 minutes"/>
<status status="FAIL" starttime="20230927 12:27:09.312" endtime="20230927 12:27:09.314">Variable '${reciver}' not found. Did you mean:
    ${receiver}</status>
</test>
<test id="s1-t2" name="GRPC_Test_01" line="17">
<kw name="test setup demo" library="grpc_keywords" type="SETUP">
<kw name="Log" library="BuiltIn">
<arg>the test setup demo keyword is executed</arg>
<doc>Logs the given message with the given level.</doc>
<msg timestamp="20230927 12:27:09.319" level="INFO">the test setup demo keyword is executed</msg>
<status status="PASS" starttime="20230927 12:27:09.317" endtime="20230927 12:27:09.320"/>
</kw>
<status status="PASS" starttime="20230927 12:27:09.316" endtime="20230927 12:27:09.320"/>
</kw>
<kw name="Transfer File With Specified Location Using gRPC Protocol Via SSH" library="grpc_keywords">
<var>${status}</var>
<arg>${Sender}</arg>
<arg>${Receiver}</arg>
<kw name="Reciver command" library="grpc_keywords">
<var>${receiver_result}</var>
<arg>${receiver.host}</arg>
<arg>${receiver.user}</arg>
<arg>${receiver.pwd}</arg>
<arg>./${receiver.gRPC_Receiver_Command}</arg>
<kw name="Establish SSH Connection" library="grpc_keywords">
<arg>${host}</arg>
<arg>${user}</arg>
<arg>${pwd}</arg>
<kw name="Open Connection" library="SSHLibrary">
<arg>${host}</arg>
<doc>Opens a new SSH connection to the given ``host`` and ``port``.</doc>
<status status="PASS" starttime="20230927 12:27:09.323" endtime="20230927 12:27:09.323"/>
</kw>
<kw name="Login" library="SSHLibrary">
<arg>${user}</arg>
<arg>${pwd}</arg>
<doc>Logs into the SSH server with the given ``username`` and ``password``.</doc>
<msg timestamp="20230927 12:27:09.325" level="INFO">Logging into '192.168.29.11:22' as 'admin'.</msg>
<msg timestamp="20230927 12:27:10.527" level="INFO">Read output: Activate the web console with: systemctl enable --now cockpit.socket

Last login: Wed Sep 27 02:37:48 2023 from 192.168.29.98
[admin@gRPCreceiver ~]$</msg>
<status status="PASS" starttime="20230927 12:27:09.323" endtime="20230927 12:27:10.527"/>
</kw>
<status status="PASS" starttime="20230927 12:27:09.323" endtime="20230927 12:27:10.527"/>
</kw>
<kw name="Write" library="SSHLibrary">
<arg>cd ${receiver.bin_dir}</arg>
<doc>Writes the given ``text`` on the remote machine and appends a newline.</doc>
<msg timestamp="20230927 12:27:10.532" level="INFO">cd /home/admin/project/bin</msg>
<status status="PASS" starttime="20230927 12:27:10.527" endtime="20230927 12:27:10.532"/>
</kw>
<kw name="Write" library="SSHLibrary">
<arg>${cmd}</arg>
<doc>Writes the given ``text`` on the remote machine and appends a newline.</doc>
<msg timestamp="20230927 12:27:10.548" level="INFO">[admin@gRPCreceiver bin]$ ./grpc_receiver -c 1 -l 3 –D -d /tmp</msg>
<status status="PASS" starttime="20230927 12:27:10.532" endtime="20230927 12:27:10.548"/>
</kw>
<kw name="Read" library="SSHLibrary">
<var>${output}</var>
<arg>delay=2s</arg>
<doc>Consumes and returns everything available on the server output.</doc>
<msg timestamp="20230927 12:27:14.550" level="INFO">2023-09-27 02:57:22 [INFO] default receiving path is: /tmp
2023-09-27 02:57:22 [INFO] Starting GRPC Receiver...
2023-09-27 02:57:22 [INFO] Server listening on 0.0.0.0:50051 . Press Ctrl-C to end.</msg>
<msg timestamp="20230927 12:27:14.550" level="INFO">${output} = 2023-09-27 02:57:22 [INFO] default receiving path is: /tmp
2023-09-27 02:57:22 [INFO] Starting GRPC Receiver...
2023-09-27 02:57:22 [INFO] Server listening on 0.0.0.0:50051 . Press Ctrl-C to end.
...</msg>
<status status="PASS" starttime="20230927 12:27:10.549" endtime="20230927 12:27:14.550"/>
</kw>
<kw name="Log To Console" library="BuiltIn">
<arg>${output}</arg>
<doc>Logs the given message to the console.</doc>
<status status="PASS" starttime="20230927 12:27:14.551" endtime="20230927 12:27:14.553"/>
</kw>
<kw name="Log To Console" library="BuiltIn">
<arg>*********${cmd}***********</arg>
<doc>Logs the given message to the console.</doc>
<status status="PASS" starttime="20230927 12:27:14.553" endtime="20230927 12:27:14.554"/>
</kw>
<kw name="List Directory" library="SSHLibrary">
<var>${open_home}</var>
<arg>${receiver.bin_dir}</arg>
<doc>Returns and logs items in the remote ``path``, optionally filtered with ``pattern``.</doc>
<msg timestamp="20230927 12:27:14.624" level="INFO">[chan 1] Opened sftp connection (server version 3)</msg>
<msg timestamp="20230927 12:27:14.634" level="INFO">2 items:
grpc_receiver
grpc_sender</msg>
<msg timestamp="20230927 12:27:14.634" level="INFO">${open_home} = ['grpc_receiver', 'grpc_sender']</msg>
<status status="PASS" starttime="20230927 12:27:14.555" endtime="20230927 12:27:14.634"/>
</kw>
<msg timestamp="20230927 12:27:14.634" level="INFO">${receiver_result} = ['grpc_receiver', 'grpc_sender']</msg>
<status status="PASS" starttime="20230927 12:27:09.321" endtime="20230927 12:27:14.634"/>
</kw>
<kw name="Sender command specifed path" library="grpc_keywords">
<var>${snd_result}</var>
<arg>${sender.host}</arg>
<arg>${sender.user}</arg>
<arg>${sender.pwd}</arg>
<kw name="Establish SSH Connection" library="grpc_keywords">
<arg>${host}</arg>
<arg>${user}</arg>
<arg>${pwd}</arg>
<kw name="Open Connection" library="SSHLibrary">
<arg>${host}</arg>
<doc>Opens a new SSH connection to the given ``host`` and ``port``.</doc>
<status status="PASS" starttime="20230927 12:27:14.636" endtime="20230927 12:27:14.637"/>
</kw>
<kw name="Login" library="SSHLibrary">
<arg>${user}</arg>
<arg>${pwd}</arg>
<doc>Logs into the SSH server with the given ``username`` and ``password``.</doc>
<msg timestamp="20230927 12:27:14.638" level="INFO">Logging into '192.168.29.141:22' as 'admin'.</msg>
<msg timestamp="20230927 12:27:15.881" level="INFO">Read output: Activate the web console with: systemctl enable --now cockpit.socket

Last login: Wed Sep 27 02:37:43 2023 from 192.168.29.98
[admin@gRPCSender ~]$</msg>
<status status="PASS" starttime="20230927 12:27:14.637" endtime="20230927 12:27:15.881"/>
</kw>
<status status="PASS" starttime="20230927 12:27:14.635" endtime="20230927 12:27:15.881"/>
</kw>
<kw name="Write" library="SSHLibrary">
<arg>cd ${sender.bin_dir}</arg>
<doc>Writes the given ``text`` on the remote machine and appends a newline.</doc>
<msg timestamp="20230927 12:27:15.886" level="INFO">cd /home/admin/project/bin</msg>
<status status="PASS" starttime="20230927 12:27:15.881" endtime="20230927 12:27:15.886"/>
</kw>
<for flavor="IN">
<var>${element}</var>
<value>@{sender.senders_ip}</value>
<iter>
<var name="${element}">192.168.29.11:50051</var>
<kw name="Write" library="SSHLibrary">
<var>${stdout}</var>
<arg>./grpc_sender -D -s ${element} -f ${sender.bin_dir}/${sender.file_name} -v 1 -b 1MB -o ${sender.target_path}</arg>
<doc>Writes the given ``text`` on the remote machine and appends a newline.</doc>
<msg timestamp="20230927 12:27:15.892" level="INFO">[admin@gRPCSender bin]$ ./grpc_sender -D -s 192.168.29.11:50051 -f /home/admin/prroject/bin/test.txt -v 1 -b 1MB -o /tmp</msg>
<msg timestamp="20230927 12:27:15.893" level="INFO">${stdout} = [admin@gRPCSender bin]$ ./grpc_sender -D -s 192.168.29.11:50051 -f /home/admin/prroject/bin/test.txt -v 1 -b 1MB -o /tmp
</msg>
<status status="PASS" starttime="20230927 12:27:15.887" endtime="20230927 12:27:15.893"/>
</kw>
<kw name="Read" library="SSHLibrary">
<var>${output}</var>
<arg>delay=2s</arg>
<doc>Consumes and returns everything available on the server output.</doc>
<msg timestamp="20230927 12:27:19.895" level="INFO">2023-09-27 02:57:27 [INFO] Buffer chunk size is set to: 1MB
2023-09-27 02:57:27 [INFO] GRPC destination pod service is: 192.168.29.11:50051
2023-09-27 02:57:27 [INFO] Output Path: /tmp
2023-09-27 02:57:27 [INFO] Checksum validation is set to: md5
2023-09-27 02:57:27 [TRACE] log level is set to trace
2023-09-27 02:57:27 [TRACE] Compress is enabled at receiver side
2023-09-27 02:57:27 [TRACE] The file size of /home/admin/project/bin/test.txt is: 12 bytes.
2023-09-27 02:57:27 [TRACE] Hashed md5 value of /home/admin/project/bin/test.txt: 6f5902ac237024bdd0c176cb93063dc4
2023-09-27 02:57:27 [TRACE] MetaData is:
file name transfered: /home/admin/project/bin/test.txt
digest: 6f5902ac237024bdd0c176cb93063dc4
call type: 1
file size: 12
target path: /tmp
checksum algorithm: 1
2023-09-27 02:57:27 [TRACE] chunk size is set to 1048576
2023-09-27 02:57:27 [INFO] File /home/admin/project/bin/test.txt transfer succeeded.

2023-09-27 02:57:27 [INFO] Latency: 7494us
[admin@gRPCSender bin]$</msg>
<msg timestamp="20230927 12:27:19.895" level="INFO">${output} = 2023-09-27 02:57:27 [INFO] Buffer chunk size is set to: 1MB
2023-09-27 02:57:27 [INFO] GRPC destination pod service is: 192.168.29.11:50051
2023-09-27 02:57:27 [INFO] Output Path: /tmp
2023-09-27 0...</msg>
<status status="PASS" starttime="20230927 12:27:15.893" endtime="20230927 12:27:19.895"/>
</kw>
<kw name="Log" library="BuiltIn">
<arg>${output}</arg>
<doc>Logs the given message with the given level.</doc>
<msg timestamp="20230927 12:27:19.896" level="INFO">2023-09-27 02:57:27 [INFO] Buffer chunk size is set to: 1MB
2023-09-27 02:57:27 [INFO] GRPC destination pod service is: 192.168.29.11:50051
2023-09-27 02:57:27 [INFO] Output Path: /tmp
2023-09-27 02:57:27 [INFO] Checksum validation is set to: md5
2023-09-27 02:57:27 [TRACE] log level is set to trace
2023-09-27 02:57:27 [TRACE] Compress is enabled at receiver side
2023-09-27 02:57:27 [TRACE] The file size of /home/admin/project/bin/test.txt is: 12 bytes.
2023-09-27 02:57:27 [TRACE] Hashed md5 value of /home/admin/project/bin/test.txt: 6f5902ac237024bdd0c176cb93063dc4
2023-09-27 02:57:27 [TRACE] MetaData is:
file name transfered: /home/admin/project/bin/test.txt
digest: 6f5902ac237024bdd0c176cb93063dc4
call type: 1
file size: 12
target path: /tmp
checksum algorithm: 1
2023-09-27 02:57:27 [TRACE] chunk size is set to 1048576
2023-09-27 02:57:27 [INFO] File /home/admin/project/bin/test.txt transfer succeeded.

2023-09-27 02:57:27 [INFO] Latency: 7494us
[admin@gRPCSender bin]$ </msg>
<status status="PASS" starttime="20230927 12:27:19.895" endtime="20230927 12:27:19.896"/>
</kw>
<kw name="Should Contain" library="BuiltIn">
<arg>${output}</arg>
<arg>File ${sender.bin_dir}/${sender.file_name} transfer succeeded.</arg>
<doc>Fails if ``container`` does not contain ``item`` one or more times.</doc>
<status status="PASS" starttime="20230927 12:27:19.896" endtime="20230927 12:27:19.897"/>
</kw>
<status status="PASS" starttime="20230927 12:27:15.886" endtime="20230927 12:27:19.897"/>
</iter>
<status status="PASS" starttime="20230927 12:27:15.886" endtime="20230927 12:27:19.897"/>
</for>
<msg timestamp="20230927 12:27:19.897" level="INFO">${snd_result} = None</msg>
<status status="PASS" starttime="20230927 12:27:14.634" endtime="20230927 12:27:19.897"/>
</kw>
<kw name="Establish SSH Connection" library="grpc_keywords">
<arg>${receiver.host}</arg>
<arg>${receiver.user}</arg>
<arg>${receiver.pwd}</arg>
<kw name="Open Connection" library="SSHLibrary">
<arg>${host}</arg>
<doc>Opens a new SSH connection to the given ``host`` and ``port``.</doc>
<status status="PASS" starttime="20230927 12:27:19.898" endtime="20230927 12:27:19.899"/>
</kw>
<kw name="Login" library="SSHLibrary">
<arg>${user}</arg>
<arg>${pwd}</arg>
<doc>Logs into the SSH server with the given ``username`` and ``password``.</doc>
<msg timestamp="20230927 12:27:19.900" level="INFO">Logging into '192.168.29.11:22' as 'admin'.</msg>
<msg timestamp="20230927 12:27:21.124" level="INFO">Read output: Activate the web console with: systemctl enable --now cockpit.socket

Last login: Wed Sep 27 02:57:21 2023 from 192.168.29.98
[admin@gRPCreceiver ~]$</msg>
<status status="PASS" starttime="20230927 12:27:19.899" endtime="20230927 12:27:21.124"/>
</kw>
<status status="PASS" starttime="20230927 12:27:19.897" endtime="20230927 12:27:21.124"/>
</kw>
<kw name="List Directory" library="SSHLibrary">
<var>${open_home}</var>
<arg>${sender.target_path}</arg>
<doc>Returns and logs items in the remote ``path``, optionally filtered with ``pattern``.</doc>
<msg timestamp="20230927 12:27:21.196" level="INFO">[chan 1] Opened sftp connection (server version 3)</msg>
<msg timestamp="20230927 12:27:21.201" level="INFO">12 items:
.ICE-unix
.Test-unix
.X11-unix
.XIM-unix
.font-unix
.viminfo
.wget-hsts
hsperfdata_root
ks-script-6u_dsgc2
ks-script-j8i15gys
systemd-private-67a4916a27904f8382e0693bfc9dcfa1-chronyd.service-wnbOx2
test.txt</msg>
<msg timestamp="20230927 12:27:21.202" level="INFO">${open_home} = ['.ICE-unix', '.Test-unix', '.X11-unix', '.XIM-unix', '.font-unix', '.viminfo', '.wget-hsts', 'hsperfdata_root', 'ks-script-6u_dsgc2', 'ks-script-j8i15gys', 'systemd-private-67a4916a27904f8382e0693bfc...</msg>
<status status="PASS" starttime="20230927 12:27:21.124" endtime="20230927 12:27:21.202"/>
</kw>
<kw name="Should Contain" library="BuiltIn">
<arg>${open_home}</arg>
<arg>${sender.file_name}</arg>
<doc>Fails if ``container`` does not contain ``item`` one or more times.</doc>
<status status="PASS" starttime="20230927 12:27:21.202" endtime="20230927 12:27:21.203"/>
</kw>
<msg timestamp="20230927 12:27:21.203" level="INFO">${status} = None</msg>
<status status="PASS" starttime="20230927 12:27:09.320" endtime="20230927 12:27:21.203"/>
</kw>
<kw name="Log" library="BuiltIn">
<arg>${status}</arg>
<doc>Logs the given message with the given level.</doc>
<msg timestamp="20230927 12:27:21.204" level="INFO">None</msg>
<status status="PASS" starttime="20230927 12:27:21.203" endtime="20230927 12:27:21.204"/>
</kw>
<kw name="Run Keyword If" library="BuiltIn">
<arg>'${status}' == '${False}'</arg>
<arg>fail</arg>
<arg>Test case is Failed</arg>
<doc>Runs the given keyword with the given arguments, if ``condition`` is true.</doc>
<status status="PASS" starttime="20230927 12:27:21.204" endtime="20230927 12:27:21.205"/>
</kw>
<kw name="test teardown demo" library="grpc_keywords" type="TEARDOWN">
<kw name="Log" library="BuiltIn">
<arg>the test teardown keyword is executed</arg>
<doc>Logs the given message with the given level.</doc>
<msg timestamp="20230927 12:27:21.205" level="INFO">the test teardown keyword is executed</msg>
<status status="PASS" starttime="20230927 12:27:21.205" endtime="20230927 12:27:21.205"/>
</kw>
<status status="PASS" starttime="20230927 12:27:21.205" endtime="20230927 12:27:21.206"/>
</kw>
<doc>DESIGN STEPS

============

gRPC Tool Testing Using Automation

Step1:

Login to VM1.

Step 2:

Execute the gRPC Receiver Command.

Step 3:

Check the eexcuted command is success or fail

Step4:

Compare Result with expected Result.

*ASSIGNEE=#####*</doc>
<tag>DEMO</tag>
<tag>GRPC</tag>
<timeout value="15 minutes"/>
<status status="PASS" starttime="20230927 12:27:09.316" endtime="20230927 12:27:21.206"/>
</test>
<test id="s1-t3" name="Testcase1" line="49">
<kw name="Log To Console" library="BuiltIn">
<arg>\n\n********* Establishing connection with the remote server ***********\n</arg>
<doc>Logs the given message to the console.</doc>
<status status="PASS" starttime="20230927 12:27:21.207" endtime="20230927 12:27:21.209"/>
</kw>
<kw name="Reciver command" library="grpc_keywords">
<var>${rec_res}</var>
<arg>${reciver.host}</arg>
<arg>${reciver.user}</arg>
<arg>${reciver.pwd}</arg>
<arg>${reciver.bin_dir}/${reciver.gRPC_Receiver_Command}</arg>
<msg timestamp="20230927 12:27:21.210" level="FAIL">Resolving variable '${reciver.host}' failed: Variable '${reciver}' not found. Did you mean:
    ${receiver}</msg>
<status status="FAIL" starttime="20230927 12:27:21.209" endtime="20230927 12:27:21.210"/>
</kw>
<kw name="Sender command specifed path" library="grpc_keywords">
<var>${snd_result}</var>
<arg>${sender.host}</arg>
<arg>${sender.user}</arg>
<arg>${sender.pwd}</arg>
<status status="NOT RUN" starttime="20230927 12:27:21.211" endtime="20230927 12:27:21.211"/>
</kw>
<kw name="Establish SSH Connection" library="grpc_keywords">
<arg>${receiver.host}</arg>
<arg>${receiver.user}</arg>
<arg>${receiver.pwd}</arg>
<status status="NOT RUN" starttime="20230927 12:27:21.211" endtime="20230927 12:27:21.211"/>
</kw>
<kw name="List Directory" library="SSHLibrary">
<var>${open_home}</var>
<arg>${sender.target_path}</arg>
<doc>Returns and logs items in the remote ``path``, optionally filtered with ``pattern``.</doc>
<status status="NOT RUN" starttime="20230927 12:27:21.212" endtime="20230927 12:27:21.212"/>
</kw>
<kw name="Should Contain" library="BuiltIn">
<arg>${open_home}</arg>
<arg>${sender.file_name}</arg>
<doc>Fails if ``container`` does not contain ``item`` one or more times.</doc>
<status status="NOT RUN" starttime="20230927 12:27:21.212" endtime="20230927 12:27:21.212"/>
</kw>
<tag>gRPC</tag>
<timeout value="15 minutes"/>
<status status="FAIL" starttime="20230927 12:27:21.207" endtime="20230927 12:27:21.212">Resolving variable '${reciver.host}' failed: Variable '${reciver}' not found. Did you mean:
    ${receiver}</status>
</test>
<test id="s1-t4" name="Testcase2" line="62">
<kw name="Reciver command" library="grpc_keywords">
<var>${rec_res}</var>
<arg>${reciver.host}</arg>
<arg>${reciver.user}</arg>
<arg>${reciver.pwd}</arg>
<arg>${reciver.bin_dir}/${reciver.gprc_rec_path_cmd}</arg>
<msg timestamp="20230927 12:27:21.217" level="FAIL">Resolving variable '${reciver.host}' failed: Variable '${reciver}' not found. Did you mean:
    ${receiver}</msg>
<status status="FAIL" starttime="20230927 12:27:21.215" endtime="20230927 12:27:21.217"/>
</kw>
<kw name="Log To Console" library="BuiltIn">
<arg>${rec_res}</arg>
<doc>Logs the given message to the console.</doc>
<status status="NOT RUN" starttime="20230927 12:27:21.220" endtime="20230927 12:27:21.220"/>
</kw>
<kw name="Sender command unspecifed path" library="grpc_keywords">
<var>${snd_result}</var>
<arg>${sender.host}</arg>
<arg>${sender.user}</arg>
<arg>${sender.pwd}</arg>
<status status="NOT RUN" starttime="20230927 12:27:21.220" endtime="20230927 12:27:21.220"/>
</kw>
<kw name="Establish SSH Connection" library="grpc_keywords">
<arg>${reciver.host}</arg>
<arg>${reciver.user}</arg>
<arg>${reciver.pwd}</arg>
<status status="NOT RUN" starttime="20230927 12:27:21.221" endtime="20230927 12:27:21.221"/>
</kw>
<kw name="List Directory" library="SSHLibrary">
<var>${open_home}</var>
<arg>${reciver.bin_dir}</arg>
<doc>Returns and logs items in the remote ``path``, optionally filtered with ``pattern``.</doc>
<status status="NOT RUN" starttime="20230927 12:27:21.222" endtime="20230927 12:27:21.222"/>
</kw>
<kw name="Should Contain" library="BuiltIn">
<arg>${open_home}</arg>
<arg>${sender.file_name}</arg>
<doc>Fails if ``container`` does not contain ``item`` one or more times.</doc>
<status status="NOT RUN" starttime="20230927 12:27:21.222" endtime="20230927 12:27:21.222"/>
</kw>
<tag>gRPC</tag>
<timeout value="15 minutes"/>
<status status="FAIL" starttime="20230927 12:27:21.214" endtime="20230927 12:27:21.223">Resolving variable '${reciver.host}' failed: Variable '${reciver}' not found. Did you mean:
    ${receiver}</status>
</test>
<test id="s1-t5" name="Testcase3" line="73">
<kw name="Reciver command" library="grpc_keywords">
<var>${rec_res}</var>
<arg>${reciver.host}</arg>
<arg>${reciver.user}</arg>
<arg>${reciver.pwd}</arg>
<arg>${reciver.bin_dir}/${reciver.gprc_rec_path_cmd}</arg>
<msg timestamp="20230927 12:27:21.228" level="FAIL">Resolving variable '${reciver.host}' failed: Variable '${reciver}' not found. Did you mean:
    ${receiver}</msg>
<status status="FAIL" starttime="20230927 12:27:21.226" endtime="20230927 12:27:21.228"/>
</kw>
<kw name="Log To Console" library="BuiltIn">
<arg>${rec_res}</arg>
<doc>Logs the given message to the console.</doc>
<status status="NOT RUN" starttime="20230927 12:27:21.229" endtime="20230927 12:27:21.229"/>
</kw>
<kw name="Send multiple mutiple_files" library="grpc_keywords">
<var>${snd_result}</var>
<arg>${sender.host}</arg>
<arg>${sender.user}</arg>
<arg>${sender.pwd}</arg>
<status status="NOT RUN" starttime="20230927 12:27:21.229" endtime="20230927 12:27:21.229"/>
</kw>
<kw name="Establish SSH Connection" library="grpc_keywords">
<arg>${reciver.host}</arg>
<arg>${reciver.user}</arg>
<arg>${reciver.pwd}</arg>
<status status="NOT RUN" starttime="20230927 12:27:21.230" endtime="20230927 12:27:21.230"/>
</kw>
<kw name="List Directory" library="SSHLibrary">
<var>${open_home}</var>
<arg>${reciver.bin_dir}</arg>
<doc>Returns and logs items in the remote ``path``, optionally filtered with ``pattern``.</doc>
<status status="NOT RUN" starttime="20230927 12:27:21.230" endtime="20230927 12:27:21.231"/>
</kw>
<tag>gRPC</tag>
<timeout value="15 minutes"/>
<status status="FAIL" starttime="20230927 12:27:21.224" endtime="20230927 12:27:21.231">Resolving variable '${reciver.host}' failed: Variable '${reciver}' not found. Did you mean:
    ${receiver}</status>
</test>
<test id="s1-t6" name="Testcase4" line="83">
<kw name="Reciver command" library="grpc_keywords">
<var>${rec_res}</var>
<arg>${reciver.host}</arg>
<arg>${reciver.user}</arg>
<arg>${reciver.pwd}</arg>
<arg>${reciver.bin_dir}/${reciver.receiver_compress_disabled}</arg>
<msg timestamp="20230927 12:27:21.238" level="FAIL">Resolving variable '${reciver.host}' failed: Variable '${reciver}' not found. Did you mean:
    ${receiver}</msg>
<status status="FAIL" starttime="20230927 12:27:21.234" endtime="20230927 12:27:21.238"/>
</kw>
<kw name="Log To Console" library="BuiltIn">
<arg>${rec_res}</arg>
<doc>Logs the given message to the console.</doc>
<status status="NOT RUN" starttime="20230927 12:27:21.238" endtime="20230927 12:27:21.238"/>
</kw>
<kw name="Sender command unspecifed path" library="grpc_keywords">
<var>${snd_result}</var>
<arg>${sender.host}</arg>
<arg>${sender.user}</arg>
<arg>${sender.pwd}</arg>
<status status="NOT RUN" starttime="20230927 12:27:21.240" endtime="20230927 12:27:21.240"/>
</kw>
<kw name="Establish SSH Connection" library="grpc_keywords">
<arg>${reciver.host}</arg>
<arg>${reciver.user}</arg>
<arg>${reciver.pwd}</arg>
<status status="NOT RUN" starttime="20230927 12:27:21.241" endtime="20230927 12:27:21.241"/>
</kw>
<kw name="List Directory" library="SSHLibrary">
<var>${open_home}</var>
<arg>${reciver.bin_dir}</arg>
<doc>Returns and logs items in the remote ``path``, optionally filtered with ``pattern``.</doc>
<status status="NOT RUN" starttime="20230927 12:27:21.241" endtime="20230927 12:27:21.241"/>
</kw>
<kw name="Should Contain" library="BuiltIn">
<arg>${open_home}</arg>
<arg>${sender.file_name}</arg>
<doc>Fails if ``container`` does not contain ``item`` one or more times.</doc>
<status status="NOT RUN" starttime="20230927 12:27:21.241" endtime="20230927 12:27:21.242"/>
</kw>
<tag>gRPC</tag>
<timeout value="15 minutes"/>
<status status="FAIL" starttime="20230927 12:27:21.234" endtime="20230927 12:27:21.242">Resolving variable '${reciver.host}' failed: Variable '${reciver}' not found. Did you mean:
    ${receiver}</status>
</test>
<test id="s1-t7" name="Testcase5" line="93">
<kw name="Reciver command" library="grpc_keywords">
<var>${rec_res}</var>
<arg>${reciver.host}</arg>
<arg>${reciver.user}</arg>
<arg>${reciver.pwd}</arg>
<arg>${reciver.bin_dir}/${reciver.gprc_rec_path_cmd}</arg>
<msg timestamp="20230927 12:27:21.247" level="FAIL">Resolving variable '${reciver.host}' failed: Variable '${reciver}' not found. Did you mean:
    ${receiver}</msg>
<status status="FAIL" starttime="20230927 12:27:21.245" endtime="20230927 12:27:21.247"/>
</kw>
<kw name="Log To Console" library="BuiltIn">
<arg>${rec_res}</arg>
<doc>Logs the given message to the console.</doc>
<status status="NOT RUN" starttime="20230927 12:27:21.247" endtime="20230927 12:27:21.248"/>
</kw>
<kw name="Receiver compress enabled" library="grpc_keywords">
<var>${snd_result}</var>
<arg>${sender.host}</arg>
<arg>${sender.user}</arg>
<arg>${sender.pwd}</arg>
<status status="NOT RUN" starttime="20230927 12:27:21.248" endtime="20230927 12:27:21.248"/>
</kw>
<kw name="Establish SSH Connection" library="grpc_keywords">
<arg>${reciver.host}</arg>
<arg>${reciver.user}</arg>
<arg>${reciver.pwd}</arg>
<status status="NOT RUN" starttime="20230927 12:27:21.249" endtime="20230927 12:27:21.249"/>
</kw>
<kw name="List Directory" library="SSHLibrary">
<var>${open_home}</var>
<arg>${reciver.bin_dir}</arg>
<doc>Returns and logs items in the remote ``path``, optionally filtered with ``pattern``.</doc>
<status status="NOT RUN" starttime="20230927 12:27:21.249" endtime="20230927 12:27:21.249"/>
</kw>
<kw name="Should Contain" library="BuiltIn">
<arg>${open_home}</arg>
<arg>${sender.file_name}</arg>
<doc>Fails if ``container`` does not contain ``item`` one or more times.</doc>
<status status="NOT RUN" starttime="20230927 12:27:21.250" endtime="20230927 12:27:21.250"/>
</kw>
<tag>gRPC</tag>
<timeout value="15 minutes"/>
<status status="FAIL" starttime="20230927 12:27:21.245" endtime="20230927 12:27:21.250">Resolving variable '${reciver.host}' failed: Variable '${reciver}' not found. Did you mean:
    ${receiver}</status>
</test>
<test id="s1-t8" name="Testcase6" line="103">
<kw name="Reciver command" library="grpc_keywords">
<var>${rec_res}</var>
<arg>${reciver.host}</arg>
<arg>${reciver.user}</arg>
<arg>${reciver.pwd}</arg>
<arg>${reciver.bin_dir}/${reciver.gprc_rec_path_cmd}</arg>
<msg timestamp="20230927 12:27:21.258" level="FAIL">Resolving variable '${reciver.host}' failed: Variable '${reciver}' not found. Did you mean:
    ${receiver}</msg>
<status status="FAIL" starttime="20230927 12:27:21.255" endtime="20230927 12:27:21.258"/>
</kw>
<kw name="Log To Console" library="BuiltIn">
<arg>${rec_res}</arg>
<doc>Logs the given message to the console.</doc>
<status status="NOT RUN" starttime="20230927 12:27:21.259" endtime="20230927 12:27:21.259"/>
</kw>
<kw name="Sender CheckSum OFF" library="grpc_keywords">
<var>${snd_result}</var>
<arg>${sender.host}</arg>
<arg>${sender.user}</arg>
<arg>${sender.pwd}</arg>
<status status="NOT RUN" starttime="20230927 12:27:21.260" endtime="20230927 12:27:21.260"/>
</kw>
<kw name="Establish SSH Connection" library="grpc_keywords">
<arg>${reciver.host}</arg>
<arg>${reciver.user}</arg>
<arg>${reciver.pwd}</arg>
<status status="NOT RUN" starttime="20230927 12:27:21.260" endtime="20230927 12:27:21.260"/>
</kw>
<kw name="List Directory" library="SSHLibrary">
<var>${open_home}</var>
<arg>${reciver.bin_dir}</arg>
<doc>Returns and logs items in the remote ``path``, optionally filtered with ``pattern``.</doc>
<status status="NOT RUN" starttime="20230927 12:27:21.262" endtime="20230927 12:27:21.262"/>
</kw>
<kw name="Should Contain" library="BuiltIn">
<arg>${open_home}</arg>
<arg>${sender.file_name}</arg>
<doc>Fails if ``container`` does not contain ``item`` one or more times.</doc>
<status status="NOT RUN" starttime="20230927 12:27:21.262" endtime="20230927 12:27:21.262"/>
</kw>
<tag>gRPC</tag>
<timeout value="15 minutes"/>
<status status="FAIL" starttime="20230927 12:27:21.254" endtime="20230927 12:27:21.263">Resolving variable '${reciver.host}' failed: Variable '${reciver}' not found. Did you mean:
    ${receiver}</status>
</test>
<test id="s1-t9" name="Testcase7" line="113">
<kw name="Reciver command" library="grpc_keywords">
<var>${rec_res}</var>
<arg>${reciver.host}</arg>
<arg>${reciver.user}</arg>
<arg>${reciver.pwd}</arg>
<arg>${reciver.bin_dir}/${reciver.gprc_rec_path_cmd}</arg>
<msg timestamp="20230927 12:27:21.267" level="FAIL">Resolving variable '${reciver.host}' failed: Variable '${reciver}' not found. Did you mean:
    ${receiver}</msg>
<status status="FAIL" starttime="20230927 12:27:21.265" endtime="20230927 12:27:21.267"/>
</kw>
<kw name="Log To Console" library="BuiltIn">
<arg>${rec_res}</arg>
<doc>Logs the given message to the console.</doc>
<status status="NOT RUN" starttime="20230927 12:27:21.268" endtime="20230927 12:27:21.268"/>
</kw>
<kw name="Sender CheckSum ON" library="grpc_keywords">
<var>${snd_result}</var>
<arg>${sender.host}</arg>
<arg>${sender.user}</arg>
<arg>${sender.pwd}</arg>
<status status="NOT RUN" starttime="20230927 12:27:21.269" endtime="20230927 12:27:21.269"/>
</kw>
<kw name="Establish SSH Connection" library="grpc_keywords">
<arg>${reciver.host}</arg>
<arg>${reciver.user}</arg>
<arg>${reciver.pwd}</arg>
<status status="NOT RUN" starttime="20230927 12:27:21.270" endtime="20230927 12:27:21.270"/>
</kw>
<kw name="List Directory" library="SSHLibrary">
<var>${open_home}</var>
<arg>${reciver.bin_dir}</arg>
<doc>Returns and logs items in the remote ``path``, optionally filtered with ``pattern``.</doc>
<status status="NOT RUN" starttime="20230927 12:27:21.271" endtime="20230927 12:27:21.271"/>
</kw>
<kw name="Should Contain" library="BuiltIn">
<arg>${open_home}</arg>
<arg>${sender.file_name}</arg>
<doc>Fails if ``container`` does not contain ``item`` one or more times.</doc>
<status status="NOT RUN" starttime="20230927 12:27:21.271" endtime="20230927 12:27:21.272"/>
</kw>
<tag>gRPC</tag>
<timeout value="15 minutes"/>
<status status="FAIL" starttime="20230927 12:27:21.265" endtime="20230927 12:27:21.272">Resolving variable '${reciver.host}' failed: Variable '${reciver}' not found. Did you mean:
    ${receiver}</status>
</test>
<kw name="Suite Teardown Demo" library="grpc_keywords" type="TEARDOWN">
<kw name="Close All Connections" library="SSHLibrary">
<doc>Closes all open connections.</doc>
<status status="PASS" starttime="20230927 12:27:21.276" endtime="20230927 12:27:21.280"/>
</kw>
<status status="PASS" starttime="20230927 12:27:21.275" endtime="20230927 12:27:21.280"/>
</kw>
<status status="FAIL" starttime="20230927 12:27:08.782" endtime="20230927 12:27:21.280"/>
</suite>
<statistics>
<total>
<stat pass="1" fail="8" skip="0">All Tests</stat>
</total>
<tag>
<stat pass="1" fail="0" skip="0">DEMO</stat>
<stat pass="1" fail="8" skip="0">gRPC</stat>
</tag>
<suite>
<stat pass="1" fail="8" skip="0" id="s1" name="gRPC Testing">gRPC Testing</stat>
</suite>
</statistics>
<errors>
</errors>
</robot>
