<?xml version="1.0" encoding="UTF-8"?>
<robot generator="Robot 6.0.1 (Python 3.7.7 on win32)" generated="20230928 10:39:04.942" rpa="false" schemaversion="3">
<suite id="s1" name="gRPC Testing" source="C:\Users\gouthama\Desktop\gRPC_git\Titan_gRPC\GRPC_Testing\TestCase\gRPC_Testing.robot">
<kw name="Suite Setup Demo" library="grpc_keywords" type="SETUP">
<kw name="Log" library="BuiltIn">
<arg>Suite Setup Demo is executed</arg>
<doc>Logs the given message with the given level.</doc>
<msg timestamp="20230928 10:39:05.650" level="INFO">Suite Setup Demo is executed</msg>
<status status="PASS" starttime="20230928 10:39:05.650" endtime="20230928 10:39:05.650"/>
</kw>
<status status="PASS" starttime="20230928 10:39:05.649" endtime="20230928 10:39:05.650"/>
</kw>
<test id="s1-t1" name="GRPC_Test_01" line="15">
<kw name="test setup demo" library="grpc_keywords" type="SETUP">
<kw name="Log" library="BuiltIn">
<arg>the test setup demo keyword is executed</arg>
<doc>Logs the given message with the given level.</doc>
<msg timestamp="20230928 10:39:05.653" level="INFO">the test setup demo keyword is executed</msg>
<status status="PASS" starttime="20230928 10:39:05.651" endtime="20230928 10:39:05.653"/>
</kw>
<status status="PASS" starttime="20230928 10:39:05.651" endtime="20230928 10:39:05.653"/>
</kw>
<kw name="Transfer File With Specified Location Using gRPC Protocol Via SSH" library="grpc_keywords">
<var>${status}</var>
<arg>${sender}</arg>
<arg>${reciver}</arg>
<kw name="Log To Console" library="BuiltIn">
<arg>\n\n********* Establishing connection with the remote server ***********\n</arg>
<doc>Logs the given message to the console.</doc>
<status status="PASS" starttime="20230928 10:39:05.654" endtime="20230928 10:39:05.654"/>
</kw>
<kw name="Reciver command" library="grpc_keywords">
<var>${rec_res}</var>
<arg>${reciver.host}</arg>
<arg>${reciver.user}</arg>
<arg>${reciver.pwd}</arg>
<arg>${reciver.bin_dir}/grpc_receiver ${reciver.c_option} ${reciver.l_option} ${reciver.D_option} ${reciver.d_option} ${reciver.target_dir}</arg>
<kw name="Establish SSH Connection" library="grpc_keywords">
<arg>${host}</arg>
<arg>${user}</arg>
<arg>${pwd}</arg>
<kw name="Open Connection" library="SSHLibrary">
<arg>${host}</arg>
<doc>Opens a new SSH connection to the given ``host`` and ``port``.</doc>
<status status="PASS" starttime="20230928 10:39:05.657" endtime="20230928 10:39:05.657"/>
</kw>
<kw name="Login" library="SSHLibrary">
<arg>${user}</arg>
<arg>${pwd}</arg>
<doc>Logs into the SSH server with the given ``username`` and ``password``.</doc>
<msg timestamp="20230928 10:39:05.659" level="INFO">Logging into '192.168.29.11:22' as 'admin'.</msg>
<msg timestamp="20230928 10:39:07.050" level="INFO">Read output: Activate the web console with: systemctl enable --now cockpit.socket

Last login: Wed Sep 27 09:30:24 2023 from 192.168.29.98
[admin@gRPCreceiver ~]$</msg>
<status status="PASS" starttime="20230928 10:39:05.657" endtime="20230928 10:39:07.050"/>
</kw>
<status status="PASS" starttime="20230928 10:39:05.657" endtime="20230928 10:39:07.050"/>
</kw>
<kw name="Write" library="SSHLibrary">
<arg>cd ${reciver.bin_dir}</arg>
<doc>Writes the given ``text`` on the remote machine and appends a newline.</doc>
<msg timestamp="20230928 10:39:07.055" level="INFO">cd /home/admin/project/bin</msg>
<status status="PASS" starttime="20230928 10:39:07.050" endtime="20230928 10:39:07.055"/>
</kw>
<kw name="Write" library="SSHLibrary">
<arg>${cmd}</arg>
<doc>Writes the given ``text`` on the remote machine and appends a newline.</doc>
<msg timestamp="20230928 10:39:07.059" level="INFO">[admin@gRPCreceiver bin]$ /home/admin/project/bin/grpc_receiver -c 1 -l 3 -D -d //tmp</msg>
<status status="PASS" starttime="20230928 10:39:07.055" endtime="20230928 10:39:07.059"/>
</kw>
<kw name="Read" library="SSHLibrary">
<var>${output}</var>
<arg>delay=2s</arg>
<doc>Consumes and returns everything available on the server output.</doc>
<msg timestamp="20230928 10:39:11.062" level="INFO">2023-09-27 17:46:42 [TRACE] log level is set to trace
2023-09-27 17:46:42 [INFO] default receiving path is: /tmp
2023-09-27 17:46:42 [INFO] Starting GRPC Receiver...
2023-09-27 17:46:42 [TRACE] set compression algorithm: GRPC_COMPRESS_DEFLATE, set compression level to: GRPC_COMPRESS_LEVEL_HIGH
2023-09-27 17:46:42 [TRACE] The server has a default compression algorithm set
2023-09-27 17:46:42 [INFO] Server listening on 0.0.0.0:50051 . Press Ctrl-C to end.</msg>
<msg timestamp="20230928 10:39:11.062" level="INFO">${output} = 2023-09-27 17:46:42 [TRACE] log level is set to trace
2023-09-27 17:46:42 [INFO] default receiving path is: /tmp
2023-09-27 17:46:42 [INFO] Starting GRPC Receiver...
2023-09-27 17:46:42 [TRACE] set...</msg>
<status status="PASS" starttime="20230928 10:39:07.060" endtime="20230928 10:39:11.062"/>
</kw>
<kw name="Log To Console" library="BuiltIn">
<arg>${output}</arg>
<doc>Logs the given message to the console.</doc>
<status status="PASS" starttime="20230928 10:39:11.062" endtime="20230928 10:39:11.064"/>
</kw>
<kw name="List Directory" library="SSHLibrary">
<var>${open_home}</var>
<arg>${reciver.bin_dir}</arg>
<doc>Returns and logs items in the remote ``path``, optionally filtered with ``pattern``.</doc>
<msg timestamp="20230928 10:39:11.170" level="INFO">[chan 1] Opened sftp connection (server version 3)</msg>
<msg timestamp="20230928 10:39:11.187" level="INFO">3 items:
grpc_receiver
grpc_sender
test.txt</msg>
<msg timestamp="20230928 10:39:11.187" level="INFO">${open_home} = ['grpc_receiver', 'grpc_sender', 'test.txt']</msg>
<status status="PASS" starttime="20230928 10:39:11.064" endtime="20230928 10:39:11.187"/>
</kw>
<msg timestamp="20230928 10:39:11.187" level="INFO">${rec_res} = ['grpc_receiver', 'grpc_sender', 'test.txt']</msg>
<status status="PASS" starttime="20230928 10:39:05.654" endtime="20230928 10:39:11.187"/>
</kw>
<kw name="Sender command specifed path" library="grpc_keywords">
<var>${snd_result}</var>
<for flavor="IN">
<var>${element}</var>
<value>@{sender.senders_ip}</value>
<iter>
<var name="${element}">192.168.29.141</var>
<kw name="Get From Dictionary" library="Collections">
<var>${sender_info}</var>
<arg>${sender}</arg>
<arg>${element}</arg>
<doc>Returns a value from the given ``dictionary`` based on the given ``key``.</doc>
<msg timestamp="20230928 10:39:11.189" level="INFO">${sender_info} = {'usr1': 'admin', 'pwd': 'admin123', 'file_name': 'test.txt'}</msg>
<status status="PASS" starttime="20230928 10:39:11.188" endtime="20230928 10:39:11.189"/>
</kw>
<kw name="Log To Console" library="BuiltIn">
<arg>Sender IP: ${element}</arg>
<doc>Logs the given message to the console.</doc>
<status status="PASS" starttime="20230928 10:39:11.189" endtime="20230928 10:39:11.190"/>
</kw>
<kw name="Log To Console" library="BuiltIn">
<arg>User: ${sender_info.usr1}</arg>
<doc>Logs the given message to the console.</doc>
<status status="PASS" starttime="20230928 10:39:11.190" endtime="20230928 10:39:11.192"/>
</kw>
<kw name="Log To Console" library="BuiltIn">
<arg>Password: ${sender_info.pwd}</arg>
<doc>Logs the given message to the console.</doc>
<status status="PASS" starttime="20230928 10:39:11.192" endtime="20230928 10:39:11.194"/>
</kw>
<kw name="Log To Console" library="BuiltIn">
<arg>filename: ${sender_info.file_name}</arg>
<doc>Logs the given message to the console.</doc>
<status status="PASS" starttime="20230928 10:39:11.194" endtime="20230928 10:39:11.195"/>
</kw>
<kw name="Establish SSH Connection" library="grpc_keywords">
<arg>${element}</arg>
<arg>${sender_info.usr1}</arg>
<arg>${sender_info.pwd}</arg>
<kw name="Open Connection" library="SSHLibrary">
<arg>${host}</arg>
<doc>Opens a new SSH connection to the given ``host`` and ``port``.</doc>
<status status="PASS" starttime="20230928 10:39:11.196" endtime="20230928 10:39:11.196"/>
</kw>
<kw name="Login" library="SSHLibrary">
<arg>${user}</arg>
<arg>${pwd}</arg>
<doc>Logs into the SSH server with the given ``username`` and ``password``.</doc>
<msg timestamp="20230928 10:39:11.197" level="INFO">Logging into '192.168.29.141:22' as 'admin'.</msg>
<msg timestamp="20230928 10:39:12.665" level="INFO">Read output: Activate the web console with: systemctl enable --now cockpit.socket

Last login: Wed Sep 27 09:30:23 2023 from 192.168.29.98
[admin@gRPCSender ~]$</msg>
<status status="PASS" starttime="20230928 10:39:11.196" endtime="20230928 10:39:12.665"/>
</kw>
<status status="PASS" starttime="20230928 10:39:11.195" endtime="20230928 10:39:12.665"/>
</kw>
<kw name="Execute Command" library="SSHLibrary">
<var>${stdout}</var>
<arg>${sender.bin_dir}/grpc_sender -D -s ${reciver.host}:${reciver.port} -f ${sender.bin_dir}/${sender_info.file_name} -v 1 -b 1MB -o ${sender.target_path}</arg>
<arg>return_stdout=False</arg>
<arg>return_stdout=True</arg>
<doc>Executes ``command`` on the remote machine and returns its outputs.</doc>
<msg timestamp="20230928 10:39:12.668" level="INFO">Executing command '/home/admin/project/bin/grpc_sender -D -s 192.168.29.11:50051 -f /home/admin/project/bin/test.txt -v 1 -b 1MB -o /tmp'.</msg>
<msg timestamp="20230928 10:39:12.872" level="INFO">Command exited with return code 0.</msg>
<msg timestamp="20230928 10:39:12.872" level="INFO">${stdout} = 2023-09-27 17:46:21 [INFO] Buffer chunk size is set to: 1MB
2023-09-27 17:46:21 [INFO] GRPC destination pod service is: 192.168.29.11:50051
2023-09-27 17:46:21 [INFO] Output Path: /tmp
2023-09-27 17:4...</msg>
<status status="PASS" starttime="20230928 10:39:12.665" endtime="20230928 10:39:12.872"/>
</kw>
<kw name="Should Contain" library="BuiltIn">
<arg>${stdout}</arg>
<arg>File ${sender.bin_dir}/${sender_info.file_name} transfer succeeded.</arg>
<doc>Fails if ``container`` does not contain ``item`` one or more times.</doc>
<status status="PASS" starttime="20230928 10:39:12.872" endtime="20230928 10:39:12.874"/>
</kw>
<status status="PASS" starttime="20230928 10:39:11.188" endtime="20230928 10:39:12.874"/>
</iter>
<status status="PASS" starttime="20230928 10:39:11.187" endtime="20230928 10:39:12.874"/>
</for>
<msg timestamp="20230928 10:39:12.874" level="INFO">${snd_result} = None</msg>
<status status="PASS" starttime="20230928 10:39:11.187" endtime="20230928 10:39:12.874"/>
</kw>
<kw name="Establish SSH Connection" library="grpc_keywords">
<arg>${reciver.host}</arg>
<arg>${reciver.user}</arg>
<arg>${reciver.pwd}</arg>
<kw name="Open Connection" library="SSHLibrary">
<arg>${host}</arg>
<doc>Opens a new SSH connection to the given ``host`` and ``port``.</doc>
<status status="PASS" starttime="20230928 10:39:12.875" endtime="20230928 10:39:12.876"/>
</kw>
<kw name="Login" library="SSHLibrary">
<arg>${user}</arg>
<arg>${pwd}</arg>
<doc>Logs into the SSH server with the given ``username`` and ``password``.</doc>
<msg timestamp="20230928 10:39:12.876" level="INFO">Logging into '192.168.29.11:22' as 'admin'.</msg>
<msg timestamp="20230928 10:39:14.132" level="INFO">Read output: Activate the web console with: systemctl enable --now cockpit.socket

Last login: Wed Sep 27 17:46:41 2023 from 192.168.29.98
[admin@gRPCreceiver ~]$</msg>
<status status="PASS" starttime="20230928 10:39:12.876" endtime="20230928 10:39:14.132"/>
</kw>
<status status="PASS" starttime="20230928 10:39:12.874" endtime="20230928 10:39:14.132"/>
</kw>
<kw name="List Directory" library="SSHLibrary">
<var>${open_home}</var>
<arg>${reciver.target_dir}</arg>
<doc>Returns and logs items in the remote ``path``, optionally filtered with ``pattern``.</doc>
<msg timestamp="20230928 10:39:14.223" level="INFO">[chan 1] Opened sftp connection (server version 3)</msg>
<msg timestamp="20230928 10:39:14.241" level="INFO">13 items:
.ICE-unix
.Test-unix
.X11-unix
.XIM-unix
.font-unix
.viminfo
.wget-hsts
hsperfdata_root
ks-script-6u_dsgc2
ks-script-j8i15gys
systemd-private-67a4916a27904f8382e0693bfc9dcfa1-chronyd.service-wnbOx2
test.txt
test1.txt</msg>
<msg timestamp="20230928 10:39:14.241" level="INFO">${open_home} = ['.ICE-unix', '.Test-unix', '.X11-unix', '.XIM-unix', '.font-unix', '.viminfo', '.wget-hsts', 'hsperfdata_root', 'ks-script-6u_dsgc2', 'ks-script-j8i15gys', 'systemd-private-67a4916a27904f8382e0693bfc...</msg>
<status status="PASS" starttime="20230928 10:39:14.132" endtime="20230928 10:39:14.241"/>
</kw>
<kw name="Should Contain" library="BuiltIn">
<arg>${open_home}</arg>
<arg>${sender.file_name}</arg>
<doc>Fails if ``container`` does not contain ``item`` one or more times.</doc>
<status status="PASS" starttime="20230928 10:39:14.241" endtime="20230928 10:39:14.242"/>
</kw>
<msg timestamp="20230928 10:39:14.243" level="INFO">${status} = None</msg>
<status status="PASS" starttime="20230928 10:39:05.653" endtime="20230928 10:39:14.243"/>
</kw>
<kw name="Log" library="BuiltIn">
<arg>${status}</arg>
<doc>Logs the given message with the given level.</doc>
<msg timestamp="20230928 10:39:14.244" level="INFO">None</msg>
<status status="PASS" starttime="20230928 10:39:14.243" endtime="20230928 10:39:14.244"/>
</kw>
<kw name="Run Keyword If" library="BuiltIn">
<arg>'${status}' == '${False}'</arg>
<arg>fail</arg>
<arg>Test case is Failed</arg>
<doc>Runs the given keyword with the given arguments, if ``condition`` is true.</doc>
<status status="PASS" starttime="20230928 10:39:14.245" endtime="20230928 10:39:14.245"/>
</kw>
<kw name="test teardown demo" library="grpc_keywords" type="TEARDOWN">
<kw name="Log" library="BuiltIn">
<arg>the test teardown keyword is executed</arg>
<doc>Logs the given message with the given level.</doc>
<msg timestamp="20230928 10:39:14.246" level="INFO">the test teardown keyword is executed</msg>
<status status="PASS" starttime="20230928 10:39:14.246" endtime="20230928 10:39:14.246"/>
</kw>
<kw name="Kill the Process" library="grpc_keywords">
<kw name="Execute Command" library="SSHLibrary">
<var>${output}</var>
<arg>lsof -i :${reciver.port}</arg>
<arg>shell=True</arg>
<doc>Executes ``command`` on the remote machine and returns its outputs.</doc>
<msg timestamp="20230928 10:39:14.247" level="INFO">Executing command 'lsof -i :50051'.</msg>
<msg timestamp="20230928 10:39:14.410" level="INFO">Command exited with return code 0.</msg>
<msg timestamp="20230928 10:39:14.410" level="INFO">${output} = COMMAND    PID  USER   FD   TYPE DEVICE SIZE/OFF NODE NAME
grpc_rece 6789 admin    5u  IPv6  59797      0t0  TCP *:50051 (LISTEN)</msg>
<status status="PASS" starttime="20230928 10:39:14.247" endtime="20230928 10:39:14.410"/>
</kw>
<kw name="Split String" library="String">
<var>${lines}</var>
<arg>${output}</arg>
<arg>\n</arg>
<doc>Splits the ``string`` using ``separator`` as a delimiter string.</doc>
<msg timestamp="20230928 10:39:14.411" level="INFO">${lines} = ['COMMAND    PID  USER   FD   TYPE DEVICE SIZE/OFF NODE NAME', 'grpc_rece 6789 admin    5u  IPv6  59797      0t0  TCP *:50051 (LISTEN)']</msg>
<status status="PASS" starttime="20230928 10:39:14.410" endtime="20230928 10:39:14.411"/>
</kw>
<kw name="Set Variable" library="BuiltIn">
<var>${pid_line}</var>
<arg>${EMPTY}</arg>
<doc>Returns the given values which can then be assigned to a variables.</doc>
<msg timestamp="20230928 10:39:14.411" level="INFO">${pid_line} = </msg>
<status status="PASS" starttime="20230928 10:39:14.411" endtime="20230928 10:39:14.411"/>
</kw>
<for flavor="IN">
<var>${line}</var>
<value>@{lines}</value>
<iter>
<var name="${line}">COMMAND    PID  USER   FD   TYPE DEVICE SIZE/OFF NODE NAME</var>
<kw name="Split String" library="String">
<var>${parts}</var>
<arg>${line}</arg>
<arg>${SPACE}</arg>
<doc>Splits the ``string`` using ``separator`` as a delimiter string.</doc>
<msg timestamp="20230928 10:39:14.412" level="INFO">${parts} = ['COMMAND', '', '', '', 'PID', '', 'USER', '', '', 'FD', '', '', 'TYPE', 'DEVICE', 'SIZE/OFF', 'NODE', 'NAME']</msg>
<status status="PASS" starttime="20230928 10:39:14.412" endtime="20230928 10:39:14.412"/>
</kw>
<status status="PASS" starttime="20230928 10:39:14.412" endtime="20230928 10:39:14.412"/>
</iter>
<iter>
<var name="${line}">grpc_rece 6789 admin    5u  IPv6  59797      0t0  TCP *:50051 (LISTEN)</var>
<kw name="Split String" library="String">
<var>${parts}</var>
<arg>${line}</arg>
<arg>${SPACE}</arg>
<doc>Splits the ``string`` using ``separator`` as a delimiter string.</doc>
<msg timestamp="20230928 10:39:14.413" level="INFO">${parts} = ['grpc_rece', '6789', 'admin', '', '', '', '5u', '', 'IPv6', '', '59797', '', '', '', '', '', '0t0', '', 'TCP', '*:50051', '(LISTEN)']</msg>
<status status="PASS" starttime="20230928 10:39:14.412" endtime="20230928 10:39:14.413"/>
</kw>
<status status="PASS" starttime="20230928 10:39:14.412" endtime="20230928 10:39:14.413"/>
</iter>
<status status="PASS" starttime="20230928 10:39:14.412" endtime="20230928 10:39:14.413"/>
</for>
<kw name="Set Variable" library="BuiltIn">
<var>${pid}</var>
<arg>${parts[1]}</arg>
<doc>Returns the given values which can then be assigned to a variables.</doc>
<msg timestamp="20230928 10:39:14.413" level="INFO">${pid} = 6789</msg>
<status status="PASS" starttime="20230928 10:39:14.413" endtime="20230928 10:39:14.413"/>
</kw>
<kw name="Execute Command" library="SSHLibrary">
<var>${kill_pid}</var>
<arg>kill -9 ${pid}</arg>
<doc>Executes ``command`` on the remote machine and returns its outputs.</doc>
<msg timestamp="20230928 10:39:14.413" level="INFO">Executing command 'kill -9 6789'.</msg>
<msg timestamp="20230928 10:39:14.542" level="INFO">Command exited with return code 0.</msg>
<msg timestamp="20230928 10:39:14.542" level="INFO">${kill_pid} = </msg>
<status status="PASS" starttime="20230928 10:39:14.413" endtime="20230928 10:39:14.542"/>
</kw>
<kw name="Read" library="SSHLibrary">
<var>${output2}</var>
<arg>delay=2s</arg>
<doc>Consumes and returns everything available on the server output.</doc>
<msg timestamp="20230928 10:39:16.542" level="INFO">${output2} = </msg>
<status status="PASS" starttime="20230928 10:39:14.542" endtime="20230928 10:39:16.542"/>
</kw>
<kw name="Log To Console" library="BuiltIn">
<arg>${output2}</arg>
<doc>Logs the given message to the console.</doc>
<status status="PASS" starttime="20230928 10:39:16.542" endtime="20230928 10:39:16.543"/>
</kw>
<kw name="Log To Console" library="BuiltIn">
<arg>PID: ${pid}</arg>
<doc>Logs the given message to the console.</doc>
<status status="PASS" starttime="20230928 10:39:16.543" endtime="20230928 10:39:16.543"/>
</kw>
<status status="PASS" starttime="20230928 10:39:14.246" endtime="20230928 10:39:16.543"/>
</kw>
<status status="PASS" starttime="20230928 10:39:14.246" endtime="20230928 10:39:16.543"/>
</kw>
<doc>DESIGN STEPS

============

gRPC Tool Testing Using Automation

Step1:

Login to Receiver VM and Execute the command to make receiver ready to accept the files.

Step 2:

Login to Sender VM and Execute the command to send a files

Step 3:

Check the eexcuted command is success or fail

Step4:

Login to Rceiver Command and check the file is recived at Receiver VM.

*ASSIGNEE=#####*</doc>
<tag>gRPC</tag>
<tag>NewFeature</tag>
<tag>Regression</tag>
<timeout value="15 minutes"/>
<status status="PASS" starttime="20230928 10:39:05.650" endtime="20230928 10:39:16.543"/>
</test>
<test id="s1-t2" name="GRPC_Test_02" line="46">
<kw name="test setup demo" library="grpc_keywords" type="SETUP">
<kw name="Log" library="BuiltIn">
<arg>the test setup demo keyword is executed</arg>
<doc>Logs the given message with the given level.</doc>
<msg timestamp="20230928 10:39:16.547" level="INFO">the test setup demo keyword is executed</msg>
<status status="PASS" starttime="20230928 10:39:16.547" endtime="20230928 10:39:16.548"/>
</kw>
<status status="PASS" starttime="20230928 10:39:16.546" endtime="20230928 10:39:16.548"/>
</kw>
<kw name="Transfer File With Unspecified Location Using gRPC Protocol Via SSH" library="grpc_keywords">
<var>${status}</var>
<arg>${sender}</arg>
<arg>${reciver}</arg>
<kw name="Reciver command" library="grpc_keywords">
<var>${rec_res}</var>
<arg>${reciver.host}</arg>
<arg>${reciver.user}</arg>
<arg>${reciver.pwd}</arg>
<arg>${reciver.bin_dir}/grpc_receiver ${reciver.c_option} ${reciver.l_option} ${reciver.D_option} ${reciver.d_option} .</arg>
<kw name="Establish SSH Connection" library="grpc_keywords">
<arg>${host}</arg>
<arg>${user}</arg>
<arg>${pwd}</arg>
<kw name="Open Connection" library="SSHLibrary">
<arg>${host}</arg>
<doc>Opens a new SSH connection to the given ``host`` and ``port``.</doc>
<status status="PASS" starttime="20230928 10:39:16.553" endtime="20230928 10:39:16.554"/>
</kw>
<kw name="Login" library="SSHLibrary">
<arg>${user}</arg>
<arg>${pwd}</arg>
<doc>Logs into the SSH server with the given ``username`` and ``password``.</doc>
<msg timestamp="20230928 10:39:16.555" level="INFO">Logging into '192.168.29.11:22' as 'admin'.</msg>
<msg timestamp="20230928 10:39:17.759" level="INFO">Read output: Activate the web console with: systemctl enable --now cockpit.socket

Last login: Wed Sep 27 17:46:49 2023 from 192.168.29.98
[admin@gRPCreceiver ~]$</msg>
<status status="PASS" starttime="20230928 10:39:16.555" endtime="20230928 10:39:17.759"/>
</kw>
<status status="PASS" starttime="20230928 10:39:16.552" endtime="20230928 10:39:17.759"/>
</kw>
<kw name="Write" library="SSHLibrary">
<arg>cd ${reciver.bin_dir}</arg>
<doc>Writes the given ``text`` on the remote machine and appends a newline.</doc>
<msg timestamp="20230928 10:39:17.764" level="INFO">cd /home/admin/project/bin</msg>
<status status="PASS" starttime="20230928 10:39:17.759" endtime="20230928 10:39:17.764"/>
</kw>
<kw name="Write" library="SSHLibrary">
<arg>${cmd}</arg>
<doc>Writes the given ``text`` on the remote machine and appends a newline.</doc>
<msg timestamp="20230928 10:39:17.767" level="INFO">[admin@gRPCreceiver bin]$ /home/admin/project/bin/grpc_receiver -c 1 -l 3 -D -d ..</msg>
<status status="PASS" starttime="20230928 10:39:17.764" endtime="20230928 10:39:17.767"/>
</kw>
<kw name="Read" library="SSHLibrary">
<var>${output}</var>
<arg>delay=2s</arg>
<doc>Consumes and returns everything available on the server output.</doc>
<msg timestamp="20230928 10:39:21.770" level="INFO">2023-09-27 17:46:54 [TRACE] log level is set to trace
2023-09-27 17:46:54 [INFO] default receiving path is: .
2023-09-27 17:46:54 [INFO] Starting GRPC Receiver...
2023-09-27 17:46:54 [TRACE] set compression algorithm: GRPC_COMPRESS_DEFLATE, set compression level to: GRPC_COMPRESS_LEVEL_HIGH
2023-09-27 17:46:54 [TRACE] The server has a default compression algorithm set
2023-09-27 17:46:54 [INFO] Server listening on 0.0.0.0:50051 . Press Ctrl-C to end.</msg>
<msg timestamp="20230928 10:39:21.770" level="INFO">${output} = 2023-09-27 17:46:54 [TRACE] log level is set to trace
2023-09-27 17:46:54 [INFO] default receiving path is: .
2023-09-27 17:46:54 [INFO] Starting GRPC Receiver...
2023-09-27 17:46:54 [TRACE] set co...</msg>
<status status="PASS" starttime="20230928 10:39:17.767" endtime="20230928 10:39:21.770"/>
</kw>
<kw name="Log To Console" library="BuiltIn">
<arg>${output}</arg>
<doc>Logs the given message to the console.</doc>
<status status="PASS" starttime="20230928 10:39:21.770" endtime="20230928 10:39:21.772"/>
</kw>
<kw name="List Directory" library="SSHLibrary">
<var>${open_home}</var>
<arg>${reciver.bin_dir}</arg>
<doc>Returns and logs items in the remote ``path``, optionally filtered with ``pattern``.</doc>
<msg timestamp="20230928 10:39:21.858" level="INFO">[chan 1] Opened sftp connection (server version 3)</msg>
<msg timestamp="20230928 10:39:21.865" level="INFO">3 items:
grpc_receiver
grpc_sender
test.txt</msg>
<msg timestamp="20230928 10:39:21.865" level="INFO">${open_home} = ['grpc_receiver', 'grpc_sender', 'test.txt']</msg>
<status status="PASS" starttime="20230928 10:39:21.772" endtime="20230928 10:39:21.865"/>
</kw>
<msg timestamp="20230928 10:39:21.865" level="INFO">${rec_res} = ['grpc_receiver', 'grpc_sender', 'test.txt']</msg>
<status status="PASS" starttime="20230928 10:39:16.548" endtime="20230928 10:39:21.865"/>
</kw>
<kw name="Log To Console" library="BuiltIn">
<arg>${rec_res}</arg>
<doc>Logs the given message to the console.</doc>
<status status="PASS" starttime="20230928 10:39:21.865" endtime="20230928 10:39:21.866"/>
</kw>
<kw name="Sender command unspecifed path" library="grpc_keywords">
<var>${snd_result}</var>
<for flavor="IN">
<var>${element}</var>
<value>@{sender.senders_ip}</value>
<iter>
<var name="${element}">192.168.29.141</var>
<kw name="Get From Dictionary" library="Collections">
<var>${sender_info}</var>
<arg>${sender}</arg>
<arg>${element}</arg>
<doc>Returns a value from the given ``dictionary`` based on the given ``key``.</doc>
<msg timestamp="20230928 10:39:21.868" level="INFO">${sender_info} = {'usr1': 'admin', 'pwd': 'admin123', 'file_name': 'test.txt'}</msg>
<status status="PASS" starttime="20230928 10:39:21.868" endtime="20230928 10:39:21.868"/>
</kw>
<kw name="Establish SSH Connection" library="grpc_keywords">
<arg>${element}</arg>
<arg>${sender_info.usr1}</arg>
<arg>${sender_info.pwd}</arg>
<kw name="Open Connection" library="SSHLibrary">
<arg>${host}</arg>
<doc>Opens a new SSH connection to the given ``host`` and ``port``.</doc>
<status status="PASS" starttime="20230928 10:39:21.869" endtime="20230928 10:39:21.884"/>
</kw>
<kw name="Login" library="SSHLibrary">
<arg>${user}</arg>
<arg>${pwd}</arg>
<doc>Logs into the SSH server with the given ``username`` and ``password``.</doc>
<msg timestamp="20230928 10:39:21.885" level="INFO">Logging into '192.168.29.141:22' as 'admin'.</msg>
<msg timestamp="20230928 10:39:23.120" level="INFO">Read output: Activate the web console with: systemctl enable --now cockpit.socket

Last login: Wed Sep 27 17:46:19 2023 from 192.168.29.98
[admin@gRPCSender ~]$</msg>
<status status="PASS" starttime="20230928 10:39:21.884" endtime="20230928 10:39:23.120"/>
</kw>
<status status="PASS" starttime="20230928 10:39:21.869" endtime="20230928 10:39:23.120"/>
</kw>
<kw name="Execute Command" library="SSHLibrary">
<var>${stdout}</var>
<arg>${sender.bin_dir}/grpc_sender -D -s ${reciver.host}:${reciver.port} -f ${sender.bin_dir}/${sender_info.file_name} -v 1 -b 1MB</arg>
<arg>return_stdout=False</arg>
<arg>return_stdout=True</arg>
<doc>Executes ``command`` on the remote machine and returns its outputs.</doc>
<msg timestamp="20230928 10:39:23.124" level="INFO">Executing command '/home/admin/project/bin/grpc_sender -D -s 192.168.29.11:50051 -f /home/admin/project/bin/test.txt -v 1 -b 1MB'.</msg>
<msg timestamp="20230928 10:39:23.239" level="INFO">Command exited with return code 0.</msg>
<msg timestamp="20230928 10:39:23.239" level="INFO">${stdout} = 2023-09-27 17:46:32 [INFO] Buffer chunk size is set to: 1MB
2023-09-27 17:46:32 [INFO] GRPC destination pod service is: 192.168.29.11:50051
2023-09-27 17:46:32 [INFO] Checksum validation is set to: md...</msg>
<status status="PASS" starttime="20230928 10:39:23.120" endtime="20230928 10:39:23.239"/>
</kw>
<kw name="Should Contain" library="BuiltIn">
<arg>${stdout}</arg>
<arg>File ${sender.bin_dir}/${sender_info.file_name} transfer succeeded.</arg>
<doc>Fails if ``container`` does not contain ``item`` one or more times.</doc>
<status status="PASS" starttime="20230928 10:39:23.239" endtime="20230928 10:39:23.240"/>
</kw>
<status status="PASS" starttime="20230928 10:39:21.868" endtime="20230928 10:39:23.240"/>
</iter>
<status status="PASS" starttime="20230928 10:39:21.867" endtime="20230928 10:39:23.240"/>
</for>
<msg timestamp="20230928 10:39:23.240" level="INFO">${snd_result} = None</msg>
<status status="PASS" starttime="20230928 10:39:21.867" endtime="20230928 10:39:23.240"/>
</kw>
<kw name="Establish SSH Connection" library="grpc_keywords">
<arg>${reciver.host}</arg>
<arg>${reciver.user}</arg>
<arg>${reciver.pwd}</arg>
<kw name="Open Connection" library="SSHLibrary">
<arg>${host}</arg>
<doc>Opens a new SSH connection to the given ``host`` and ``port``.</doc>
<status status="PASS" starttime="20230928 10:39:23.241" endtime="20230928 10:39:23.242"/>
</kw>
<kw name="Login" library="SSHLibrary">
<arg>${user}</arg>
<arg>${pwd}</arg>
<doc>Logs into the SSH server with the given ``username`` and ``password``.</doc>
<msg timestamp="20230928 10:39:23.244" level="INFO">Logging into '192.168.29.11:22' as 'admin'.</msg>
<msg timestamp="20230928 10:39:24.514" level="INFO">Read output: Activate the web console with: systemctl enable --now cockpit.socket

Last login: Wed Sep 27 17:46:53 2023 from 192.168.29.98
[admin@gRPCreceiver ~]$</msg>
<status status="PASS" starttime="20230928 10:39:23.243" endtime="20230928 10:39:24.514"/>
</kw>
<status status="PASS" starttime="20230928 10:39:23.240" endtime="20230928 10:39:24.514"/>
</kw>
<kw name="List Directory" library="SSHLibrary">
<var>${open_home}</var>
<arg>${reciver.bin_dir}</arg>
<doc>Returns and logs items in the remote ``path``, optionally filtered with ``pattern``.</doc>
<msg timestamp="20230928 10:39:24.615" level="INFO">[chan 1] Opened sftp connection (server version 3)</msg>
<msg timestamp="20230928 10:39:24.625" level="INFO">3 items:
grpc_receiver
grpc_sender
test.txt</msg>
<msg timestamp="20230928 10:39:24.625" level="INFO">${open_home} = ['grpc_receiver', 'grpc_sender', 'test.txt']</msg>
<status status="PASS" starttime="20230928 10:39:24.514" endtime="20230928 10:39:24.625"/>
</kw>
<kw name="Should Contain" library="BuiltIn">
<arg>${open_home}</arg>
<arg>${sender.file_name}</arg>
<doc>Fails if ``container`` does not contain ``item`` one or more times.</doc>
<status status="PASS" starttime="20230928 10:39:24.625" endtime="20230928 10:39:24.626"/>
</kw>
<msg timestamp="20230928 10:39:24.627" level="INFO">${status} = None</msg>
<status status="PASS" starttime="20230928 10:39:16.548" endtime="20230928 10:39:24.627"/>
</kw>
<kw name="Log" library="BuiltIn">
<arg>${status}</arg>
<doc>Logs the given message with the given level.</doc>
<msg timestamp="20230928 10:39:24.629" level="INFO">None</msg>
<status status="PASS" starttime="20230928 10:39:24.628" endtime="20230928 10:39:24.629"/>
</kw>
<kw name="Run Keyword If" library="BuiltIn">
<arg>'${status}' == '${False}'</arg>
<arg>fail</arg>
<arg>Test case is Failed</arg>
<doc>Runs the given keyword with the given arguments, if ``condition`` is true.</doc>
<status status="PASS" starttime="20230928 10:39:24.630" endtime="20230928 10:39:24.630"/>
</kw>
<kw name="test teardown demo" library="grpc_keywords" type="TEARDOWN">
<kw name="Log" library="BuiltIn">
<arg>the test teardown keyword is executed</arg>
<doc>Logs the given message with the given level.</doc>
<msg timestamp="20230928 10:39:24.631" level="INFO">the test teardown keyword is executed</msg>
<status status="PASS" starttime="20230928 10:39:24.631" endtime="20230928 10:39:24.631"/>
</kw>
<kw name="Kill the Process" library="grpc_keywords">
<kw name="Execute Command" library="SSHLibrary">
<var>${output}</var>
<arg>lsof -i :${reciver.port}</arg>
<arg>shell=True</arg>
<doc>Executes ``command`` on the remote machine and returns its outputs.</doc>
<msg timestamp="20230928 10:39:24.632" level="INFO">Executing command 'lsof -i :50051'.</msg>
<msg timestamp="20230928 10:39:24.717" level="INFO">Command exited with return code 0.</msg>
<msg timestamp="20230928 10:39:24.717" level="INFO">${output} = COMMAND    PID  USER   FD   TYPE DEVICE SIZE/OFF NODE NAME
grpc_rece 6957 admin    5u  IPv6  60622      0t0  TCP *:50051 (LISTEN)</msg>
<status status="PASS" starttime="20230928 10:39:24.631" endtime="20230928 10:39:24.717"/>
</kw>
<kw name="Split String" library="String">
<var>${lines}</var>
<arg>${output}</arg>
<arg>\n</arg>
<doc>Splits the ``string`` using ``separator`` as a delimiter string.</doc>
<msg timestamp="20230928 10:39:24.718" level="INFO">${lines} = ['COMMAND    PID  USER   FD   TYPE DEVICE SIZE/OFF NODE NAME', 'grpc_rece 6957 admin    5u  IPv6  60622      0t0  TCP *:50051 (LISTEN)']</msg>
<status status="PASS" starttime="20230928 10:39:24.717" endtime="20230928 10:39:24.718"/>
</kw>
<kw name="Set Variable" library="BuiltIn">
<var>${pid_line}</var>
<arg>${EMPTY}</arg>
<doc>Returns the given values which can then be assigned to a variables.</doc>
<msg timestamp="20230928 10:39:24.718" level="INFO">${pid_line} = </msg>
<status status="PASS" starttime="20230928 10:39:24.718" endtime="20230928 10:39:24.718"/>
</kw>
<for flavor="IN">
<var>${line}</var>
<value>@{lines}</value>
<iter>
<var name="${line}">COMMAND    PID  USER   FD   TYPE DEVICE SIZE/OFF NODE NAME</var>
<kw name="Split String" library="String">
<var>${parts}</var>
<arg>${line}</arg>
<arg>${SPACE}</arg>
<doc>Splits the ``string`` using ``separator`` as a delimiter string.</doc>
<msg timestamp="20230928 10:39:24.720" level="INFO">${parts} = ['COMMAND', '', '', '', 'PID', '', 'USER', '', '', 'FD', '', '', 'TYPE', 'DEVICE', 'SIZE/OFF', 'NODE', 'NAME']</msg>
<status status="PASS" starttime="20230928 10:39:24.720" endtime="20230928 10:39:24.720"/>
</kw>
<status status="PASS" starttime="20230928 10:39:24.718" endtime="20230928 10:39:24.720"/>
</iter>
<iter>
<var name="${line}">grpc_rece 6957 admin    5u  IPv6  60622      0t0  TCP *:50051 (LISTEN)</var>
<kw name="Split String" library="String">
<var>${parts}</var>
<arg>${line}</arg>
<arg>${SPACE}</arg>
<doc>Splits the ``string`` using ``separator`` as a delimiter string.</doc>
<msg timestamp="20230928 10:39:24.720" level="INFO">${parts} = ['grpc_rece', '6957', 'admin', '', '', '', '5u', '', 'IPv6', '', '60622', '', '', '', '', '', '0t0', '', 'TCP', '*:50051', '(LISTEN)']</msg>
<status status="PASS" starttime="20230928 10:39:24.720" endtime="20230928 10:39:24.720"/>
</kw>
<status status="PASS" starttime="20230928 10:39:24.720" endtime="20230928 10:39:24.720"/>
</iter>
<status status="PASS" starttime="20230928 10:39:24.718" endtime="20230928 10:39:24.720"/>
</for>
<kw name="Set Variable" library="BuiltIn">
<var>${pid}</var>
<arg>${parts[1]}</arg>
<doc>Returns the given values which can then be assigned to a variables.</doc>
<msg timestamp="20230928 10:39:24.721" level="INFO">${pid} = 6957</msg>
<status status="PASS" starttime="20230928 10:39:24.720" endtime="20230928 10:39:24.721"/>
</kw>
<kw name="Execute Command" library="SSHLibrary">
<var>${kill_pid}</var>
<arg>kill -9 ${pid}</arg>
<doc>Executes ``command`` on the remote machine and returns its outputs.</doc>
<msg timestamp="20230928 10:39:24.721" level="INFO">Executing command 'kill -9 6957'.</msg>
<msg timestamp="20230928 10:39:24.836" level="INFO">Command exited with return code 0.</msg>
<msg timestamp="20230928 10:39:24.836" level="INFO">${kill_pid} = </msg>
<status status="PASS" starttime="20230928 10:39:24.721" endtime="20230928 10:39:24.836"/>
</kw>
<kw name="Read" library="SSHLibrary">
<var>${output2}</var>
<arg>delay=2s</arg>
<doc>Consumes and returns everything available on the server output.</doc>
<msg timestamp="20230928 10:39:26.838" level="INFO">${output2} = </msg>
<status status="PASS" starttime="20230928 10:39:24.836" endtime="20230928 10:39:26.838"/>
</kw>
<kw name="Log To Console" library="BuiltIn">
<arg>${output2}</arg>
<doc>Logs the given message to the console.</doc>
<status status="PASS" starttime="20230928 10:39:26.838" endtime="20230928 10:39:26.839"/>
</kw>
<kw name="Log To Console" library="BuiltIn">
<arg>PID: ${pid}</arg>
<doc>Logs the given message to the console.</doc>
<status status="PASS" starttime="20230928 10:39:26.839" endtime="20230928 10:39:26.840"/>
</kw>
<status status="PASS" starttime="20230928 10:39:24.631" endtime="20230928 10:39:26.840"/>
</kw>
<status status="PASS" starttime="20230928 10:39:24.630" endtime="20230928 10:39:26.840"/>
</kw>
<doc>DESIGN STEPS

============

gRPC Tool Testing Using Automation

Step1:

Login to Receiver VM and Execute the command to make receiver ready to accept the files.

Step 2:

Login to Sender VM and Execute the command to send a files

Step 3:

Check the eexcuted command is success or fail

Step4:

Login to Rceiver Command and check the file is recived at Receiver VM.

*ASSIGNEE=#####*</doc>
<tag>gRPC</tag>
<tag>NewFeature</tag>
<tag>Regression</tag>
<timeout value="15 minutes"/>
<status status="PASS" starttime="20230928 10:39:16.546" endtime="20230928 10:39:26.840"/>
</test>
<test id="s1-t3" name="GRPC_Test_03" line="77">
<kw name="test setup demo" library="grpc_keywords" type="SETUP">
<kw name="Log" library="BuiltIn">
<arg>the test setup demo keyword is executed</arg>
<doc>Logs the given message with the given level.</doc>
<msg timestamp="20230928 10:39:26.843" level="INFO">the test setup demo keyword is executed</msg>
<status status="PASS" starttime="20230928 10:39:26.843" endtime="20230928 10:39:26.843"/>
</kw>
<status status="PASS" starttime="20230928 10:39:26.843" endtime="20230928 10:39:26.844"/>
</kw>
<kw name="Transfer Multiple Files With Specified Location Using gRPC Protocol Via SSH" library="grpc_keywords">
<var>${status}</var>
<arg>${sender}</arg>
<arg>${reciver}</arg>
<kw name="Reciver command" library="grpc_keywords">
<var>${rec_res}</var>
<arg>${reciver.host}</arg>
<arg>${reciver.user}</arg>
<arg>${reciver.pwd}</arg>
<arg>${reciver.bin_dir}/grpc_receiver ${reciver.c_option} ${reciver.l_option} ${reciver.D_option} ${reciver.d_option} .</arg>
<kw name="Establish SSH Connection" library="grpc_keywords">
<arg>${host}</arg>
<arg>${user}</arg>
<arg>${pwd}</arg>
<kw name="Open Connection" library="SSHLibrary">
<arg>${host}</arg>
<doc>Opens a new SSH connection to the given ``host`` and ``port``.</doc>
<status status="PASS" starttime="20230928 10:39:26.848" endtime="20230928 10:39:26.849"/>
</kw>
<kw name="Login" library="SSHLibrary">
<arg>${user}</arg>
<arg>${pwd}</arg>
<doc>Logs into the SSH server with the given ``username`` and ``password``.</doc>
<msg timestamp="20230928 10:39:26.850" level="INFO">Logging into '192.168.29.11:22' as 'admin'.</msg>
<msg timestamp="20230928 10:39:28.068" level="INFO">Read output: Activate the web console with: systemctl enable --now cockpit.socket

Last login: Wed Sep 27 17:47:00 2023 from 192.168.29.98
[admin@gRPCreceiver ~]$</msg>
<status status="PASS" starttime="20230928 10:39:26.849" endtime="20230928 10:39:28.068"/>
</kw>
<status status="PASS" starttime="20230928 10:39:26.847" endtime="20230928 10:39:28.068"/>
</kw>
<kw name="Write" library="SSHLibrary">
<arg>cd ${reciver.bin_dir}</arg>
<doc>Writes the given ``text`` on the remote machine and appends a newline.</doc>
<msg timestamp="20230928 10:39:28.071" level="INFO">cd /home/admin/project/bin</msg>
<status status="PASS" starttime="20230928 10:39:28.068" endtime="20230928 10:39:28.071"/>
</kw>
<kw name="Write" library="SSHLibrary">
<arg>${cmd}</arg>
<doc>Writes the given ``text`` on the remote machine and appends a newline.</doc>
<msg timestamp="20230928 10:39:28.074" level="INFO">[admin@gRPCreceiver bin]$ /home/admin/project/bin/grpc_receiver -c 1 -l 3 -D -d ..</msg>
<status status="PASS" starttime="20230928 10:39:28.071" endtime="20230928 10:39:28.075"/>
</kw>
<kw name="Read" library="SSHLibrary">
<var>${output}</var>
<arg>delay=2s</arg>
<doc>Consumes and returns everything available on the server output.</doc>
<msg timestamp="20230928 10:39:32.077" level="INFO">2023-09-27 17:47:05 [TRACE] log level is set to trace
2023-09-27 17:47:05 [INFO] default receiving path is: .
2023-09-27 17:47:05 [INFO] Starting GRPC Receiver...
2023-09-27 17:47:05 [TRACE] set compression algorithm: GRPC_COMPRESS_DEFLATE, set compression level to: GRPC_COMPRESS_LEVEL_HIGH
2023-09-27 17:47:05 [TRACE] The server has a default compression algorithm set
2023-09-27 17:47:05 [INFO] Server listening on 0.0.0.0:50051 . Press Ctrl-C to end.</msg>
<msg timestamp="20230928 10:39:32.077" level="INFO">${output} = 2023-09-27 17:47:05 [TRACE] log level is set to trace
2023-09-27 17:47:05 [INFO] default receiving path is: .
2023-09-27 17:47:05 [INFO] Starting GRPC Receiver...
2023-09-27 17:47:05 [TRACE] set co...</msg>
<status status="PASS" starttime="20230928 10:39:28.075" endtime="20230928 10:39:32.077"/>
</kw>
<kw name="Log To Console" library="BuiltIn">
<arg>${output}</arg>
<doc>Logs the given message to the console.</doc>
<status status="PASS" starttime="20230928 10:39:32.077" endtime="20230928 10:39:32.080"/>
</kw>
<kw name="List Directory" library="SSHLibrary">
<var>${open_home}</var>
<arg>${reciver.bin_dir}</arg>
<doc>Returns and logs items in the remote ``path``, optionally filtered with ``pattern``.</doc>
<msg timestamp="20230928 10:39:32.167" level="INFO">[chan 1] Opened sftp connection (server version 3)</msg>
<msg timestamp="20230928 10:39:32.175" level="INFO">3 items:
grpc_receiver
grpc_sender
test.txt</msg>
<msg timestamp="20230928 10:39:32.176" level="INFO">${open_home} = ['grpc_receiver', 'grpc_sender', 'test.txt']</msg>
<status status="PASS" starttime="20230928 10:39:32.080" endtime="20230928 10:39:32.176"/>
</kw>
<msg timestamp="20230928 10:39:32.176" level="INFO">${rec_res} = ['grpc_receiver', 'grpc_sender', 'test.txt']</msg>
<status status="PASS" starttime="20230928 10:39:26.844" endtime="20230928 10:39:32.176"/>
</kw>
<kw name="Log To Console" library="BuiltIn">
<arg>${rec_res}</arg>
<doc>Logs the given message to the console.</doc>
<status status="PASS" starttime="20230928 10:39:32.176" endtime="20230928 10:39:32.178"/>
</kw>
<kw name="Send multiple mutiple_files" library="grpc_keywords">
<var>${snd_result}</var>
<kw name="Create List" library="BuiltIn">
<var>${files_with_prefix}</var>
<doc>Returns a list containing given items.</doc>
<msg timestamp="20230928 10:39:32.180" level="INFO">${files_with_prefix} = []</msg>
<status status="PASS" starttime="20230928 10:39:32.179" endtime="20230928 10:39:32.180"/>
</kw>
<for flavor="IN">
<var>${file}</var>
<value>@{sender.mutiple_files}</value>
<iter>
<var name="${file}">test.txt</var>
<kw name="Evaluate" library="BuiltIn">
<var>${file_with_prefix}</var>
<arg>"${sender.bin_dir}/${file}"</arg>
<doc>Evaluates the given expression in Python and returns the result.</doc>
<msg timestamp="20230928 10:39:32.182" level="INFO">${file_with_prefix} = /home/admin/project/bin/test.txt</msg>
<status status="PASS" starttime="20230928 10:39:32.181" endtime="20230928 10:39:32.182"/>
</kw>
<kw name="Append To List" library="Collections">
<arg>${files_with_prefix}</arg>
<arg>${file_with_prefix}</arg>
<doc>Adds ``values`` to the end of ``list``.</doc>
<status status="PASS" starttime="20230928 10:39:32.182" endtime="20230928 10:39:32.183"/>
</kw>
<status status="PASS" starttime="20230928 10:39:32.181" endtime="20230928 10:39:32.183"/>
</iter>
<iter>
<var name="${file}">test1.txt</var>
<kw name="Evaluate" library="BuiltIn">
<var>${file_with_prefix}</var>
<arg>"${sender.bin_dir}/${file}"</arg>
<doc>Evaluates the given expression in Python and returns the result.</doc>
<msg timestamp="20230928 10:39:32.184" level="INFO">${file_with_prefix} = /home/admin/project/bin/test1.txt</msg>
<status status="PASS" starttime="20230928 10:39:32.183" endtime="20230928 10:39:32.184"/>
</kw>
<kw name="Append To List" library="Collections">
<arg>${files_with_prefix}</arg>
<arg>${file_with_prefix}</arg>
<doc>Adds ``values`` to the end of ``list``.</doc>
<status status="PASS" starttime="20230928 10:39:32.184" endtime="20230928 10:39:32.185"/>
</kw>
<status status="PASS" starttime="20230928 10:39:32.183" endtime="20230928 10:39:32.185"/>
</iter>
<status status="PASS" starttime="20230928 10:39:32.180" endtime="20230928 10:39:32.185"/>
</for>
<kw name="Evaluate" library="BuiltIn">
<var>${result}</var>
<arg>",".join(${files_with_prefix})</arg>
<doc>Evaluates the given expression in Python and returns the result.</doc>
<msg timestamp="20230928 10:39:32.187" level="INFO">${result} = /home/admin/project/bin/test.txt,/home/admin/project/bin/test1.txt</msg>
<status status="PASS" starttime="20230928 10:39:32.186" endtime="20230928 10:39:32.187"/>
</kw>
<for flavor="IN">
<var>${element}</var>
<value>@{sender.senders_ip}</value>
<iter>
<var name="${element}">192.168.29.141</var>
<kw name="Get From Dictionary" library="Collections">
<var>${sender_info}</var>
<arg>${sender}</arg>
<arg>${element}</arg>
<doc>Returns a value from the given ``dictionary`` based on the given ``key``.</doc>
<msg timestamp="20230928 10:39:32.191" level="INFO">${sender_info} = {'usr1': 'admin', 'pwd': 'admin123', 'file_name': 'test.txt'}</msg>
<status status="PASS" starttime="20230928 10:39:32.190" endtime="20230928 10:39:32.191"/>
</kw>
<kw name="Establish SSH Connection" library="grpc_keywords">
<arg>${element}</arg>
<arg>${sender_info.usr1}</arg>
<arg>${sender_info.pwd}</arg>
<kw name="Open Connection" library="SSHLibrary">
<arg>${host}</arg>
<doc>Opens a new SSH connection to the given ``host`` and ``port``.</doc>
<status status="PASS" starttime="20230928 10:39:32.193" endtime="20230928 10:39:32.195"/>
</kw>
<kw name="Login" library="SSHLibrary">
<arg>${user}</arg>
<arg>${pwd}</arg>
<doc>Logs into the SSH server with the given ``username`` and ``password``.</doc>
<msg timestamp="20230928 10:39:32.196" level="INFO">Logging into '192.168.29.141:22' as 'admin'.</msg>
<msg timestamp="20230928 10:39:33.423" level="INFO">Read output: Activate the web console with: systemctl enable --now cockpit.socket

Last login: Wed Sep 27 17:46:31 2023 from 192.168.29.98
[admin@gRPCSender ~]$</msg>
<status status="PASS" starttime="20230928 10:39:32.195" endtime="20230928 10:39:33.423"/>
</kw>
<status status="PASS" starttime="20230928 10:39:32.191" endtime="20230928 10:39:33.423"/>
</kw>
<kw name="Execute Command" library="SSHLibrary">
<var>${stdout}</var>
<arg>${sender.bin_dir}/grpc_sender -D -s ${reciver.host}:${reciver.port} -f ${result} -v 1 -c 2 -l3 -o ${sender.target_path}</arg>
<arg>return_stdout=False</arg>
<arg>return_stdout=True</arg>
<doc>Executes ``command`` on the remote machine and returns its outputs.</doc>
<msg timestamp="20230928 10:39:33.425" level="INFO">Executing command '/home/admin/project/bin/grpc_sender -D -s 192.168.29.11:50051 -f /home/admin/project/bin/test.txt,/home/admin/project/bin/test1.txt -v 1 -c 2 -l3 -o /tmp'.</msg>
<msg timestamp="20230928 10:39:33.550" level="INFO">Command exited with return code 0.</msg>
<msg timestamp="20230928 10:39:33.550" level="INFO">${stdout} = 2023-09-27 17:46:43 [INFO] Buffer chunk size is set with default to: 2MB
2023-09-27 17:46:43 [INFO] GRPC destination pod service is: 192.168.29.11:50051
2023-09-27 17:46:43 [INFO] Output Path: /tmp
20...</msg>
<status status="PASS" starttime="20230928 10:39:33.423" endtime="20230928 10:39:33.550"/>
</kw>
<kw name="Log To Console" library="BuiltIn">
<arg>${stdout}</arg>
<doc>Logs the given message to the console.</doc>
<status status="PASS" starttime="20230928 10:39:33.550" endtime="20230928 10:39:33.555"/>
</kw>
<kw name="Should Contain" library="BuiltIn">
<arg>${stdout}</arg>
<arg>Files ${result} transfer succeeded.</arg>
<doc>Fails if ``container`` does not contain ``item`` one or more times.</doc>
<status status="PASS" starttime="20230928 10:39:33.555" endtime="20230928 10:39:33.556"/>
</kw>
<status status="PASS" starttime="20230928 10:39:32.189" endtime="20230928 10:39:33.556"/>
</iter>
<status status="PASS" starttime="20230928 10:39:32.187" endtime="20230928 10:39:33.556"/>
</for>
<msg timestamp="20230928 10:39:33.556" level="INFO">${snd_result} = None</msg>
<status status="PASS" starttime="20230928 10:39:32.179" endtime="20230928 10:39:33.556"/>
</kw>
<kw name="Establish SSH Connection" library="grpc_keywords">
<arg>${reciver.host}</arg>
<arg>${reciver.user}</arg>
<arg>${reciver.pwd}</arg>
<kw name="Open Connection" library="SSHLibrary">
<arg>${host}</arg>
<doc>Opens a new SSH connection to the given ``host`` and ``port``.</doc>
<status status="PASS" starttime="20230928 10:39:33.557" endtime="20230928 10:39:33.558"/>
</kw>
<kw name="Login" library="SSHLibrary">
<arg>${user}</arg>
<arg>${pwd}</arg>
<doc>Logs into the SSH server with the given ``username`` and ``password``.</doc>
<msg timestamp="20230928 10:39:33.559" level="INFO">Logging into '192.168.29.11:22' as 'admin'.</msg>
<msg timestamp="20230928 10:39:34.757" level="INFO">Read output: Activate the web console with: systemctl enable --now cockpit.socket

Last login: Wed Sep 27 17:47:04 2023 from 192.168.29.98
[admin@gRPCreceiver ~]$</msg>
<status status="PASS" starttime="20230928 10:39:33.558" endtime="20230928 10:39:34.757"/>
</kw>
<status status="PASS" starttime="20230928 10:39:33.556" endtime="20230928 10:39:34.757"/>
</kw>
<kw name="List Directory" library="SSHLibrary">
<var>${open_home}</var>
<arg>${reciver.bin_dir}</arg>
<doc>Returns and logs items in the remote ``path``, optionally filtered with ``pattern``.</doc>
<msg timestamp="20230928 10:39:34.847" level="INFO">[chan 1] Opened sftp connection (server version 3)</msg>
<msg timestamp="20230928 10:39:34.857" level="INFO">3 items:
grpc_receiver
grpc_sender
test.txt</msg>
<msg timestamp="20230928 10:39:34.857" level="INFO">${open_home} = ['grpc_receiver', 'grpc_sender', 'test.txt']</msg>
<status status="PASS" starttime="20230928 10:39:34.757" endtime="20230928 10:39:34.857"/>
</kw>
<msg timestamp="20230928 10:39:34.857" level="INFO">${status} = None</msg>
<status status="PASS" starttime="20230928 10:39:26.844" endtime="20230928 10:39:34.857"/>
</kw>
<kw name="Log" library="BuiltIn">
<arg>${status}</arg>
<doc>Logs the given message with the given level.</doc>
<msg timestamp="20230928 10:39:34.859" level="INFO">None</msg>
<status status="PASS" starttime="20230928 10:39:34.858" endtime="20230928 10:39:34.859"/>
</kw>
<kw name="Run Keyword If" library="BuiltIn">
<arg>'${status}' == '${False}'</arg>
<arg>fail</arg>
<arg>Test case is Failed</arg>
<doc>Runs the given keyword with the given arguments, if ``condition`` is true.</doc>
<status status="PASS" starttime="20230928 10:39:34.859" endtime="20230928 10:39:34.860"/>
</kw>
<kw name="test teardown demo" library="grpc_keywords" type="TEARDOWN">
<kw name="Log" library="BuiltIn">
<arg>the test teardown keyword is executed</arg>
<doc>Logs the given message with the given level.</doc>
<msg timestamp="20230928 10:39:34.861" level="INFO">the test teardown keyword is executed</msg>
<status status="PASS" starttime="20230928 10:39:34.860" endtime="20230928 10:39:34.861"/>
</kw>
<kw name="Kill the Process" library="grpc_keywords">
<kw name="Execute Command" library="SSHLibrary">
<var>${output}</var>
<arg>lsof -i :${reciver.port}</arg>
<arg>shell=True</arg>
<doc>Executes ``command`` on the remote machine and returns its outputs.</doc>
<msg timestamp="20230928 10:39:34.862" level="INFO">Executing command 'lsof -i :50051'.</msg>
<msg timestamp="20230928 10:39:34.944" level="INFO">Command exited with return code 0.</msg>
<msg timestamp="20230928 10:39:34.944" level="INFO">${output} = COMMAND    PID  USER   FD   TYPE DEVICE SIZE/OFF NODE NAME
grpc_rece 7125 admin    5u  IPv6  61446      0t0  TCP *:50051 (LISTEN)</msg>
<status status="PASS" starttime="20230928 10:39:34.861" endtime="20230928 10:39:34.944"/>
</kw>
<kw name="Split String" library="String">
<var>${lines}</var>
<arg>${output}</arg>
<arg>\n</arg>
<doc>Splits the ``string`` using ``separator`` as a delimiter string.</doc>
<msg timestamp="20230928 10:39:34.945" level="INFO">${lines} = ['COMMAND    PID  USER   FD   TYPE DEVICE SIZE/OFF NODE NAME', 'grpc_rece 7125 admin    5u  IPv6  61446      0t0  TCP *:50051 (LISTEN)']</msg>
<status status="PASS" starttime="20230928 10:39:34.944" endtime="20230928 10:39:34.945"/>
</kw>
<kw name="Set Variable" library="BuiltIn">
<var>${pid_line}</var>
<arg>${EMPTY}</arg>
<doc>Returns the given values which can then be assigned to a variables.</doc>
<msg timestamp="20230928 10:39:34.945" level="INFO">${pid_line} = </msg>
<status status="PASS" starttime="20230928 10:39:34.945" endtime="20230928 10:39:34.945"/>
</kw>
<for flavor="IN">
<var>${line}</var>
<value>@{lines}</value>
<iter>
<var name="${line}">COMMAND    PID  USER   FD   TYPE DEVICE SIZE/OFF NODE NAME</var>
<kw name="Split String" library="String">
<var>${parts}</var>
<arg>${line}</arg>
<arg>${SPACE}</arg>
<doc>Splits the ``string`` using ``separator`` as a delimiter string.</doc>
<msg timestamp="20230928 10:39:34.945" level="INFO">${parts} = ['COMMAND', '', '', '', 'PID', '', 'USER', '', '', 'FD', '', '', 'TYPE', 'DEVICE', 'SIZE/OFF', 'NODE', 'NAME']</msg>
<status status="PASS" starttime="20230928 10:39:34.945" endtime="20230928 10:39:34.945"/>
</kw>
<status status="PASS" starttime="20230928 10:39:34.945" endtime="20230928 10:39:34.945"/>
</iter>
<iter>
<var name="${line}">grpc_rece 7125 admin    5u  IPv6  61446      0t0  TCP *:50051 (LISTEN)</var>
<kw name="Split String" library="String">
<var>${parts}</var>
<arg>${line}</arg>
<arg>${SPACE}</arg>
<doc>Splits the ``string`` using ``separator`` as a delimiter string.</doc>
<msg timestamp="20230928 10:39:34.946" level="INFO">${parts} = ['grpc_rece', '7125', 'admin', '', '', '', '5u', '', 'IPv6', '', '61446', '', '', '', '', '', '0t0', '', 'TCP', '*:50051', '(LISTEN)']</msg>
<status status="PASS" starttime="20230928 10:39:34.946" endtime="20230928 10:39:34.946"/>
</kw>
<status status="PASS" starttime="20230928 10:39:34.945" endtime="20230928 10:39:34.946"/>
</iter>
<status status="PASS" starttime="20230928 10:39:34.945" endtime="20230928 10:39:34.946"/>
</for>
<kw name="Set Variable" library="BuiltIn">
<var>${pid}</var>
<arg>${parts[1]}</arg>
<doc>Returns the given values which can then be assigned to a variables.</doc>
<msg timestamp="20230928 10:39:34.946" level="INFO">${pid} = 7125</msg>
<status status="PASS" starttime="20230928 10:39:34.946" endtime="20230928 10:39:34.946"/>
</kw>
<kw name="Execute Command" library="SSHLibrary">
<var>${kill_pid}</var>
<arg>kill -9 ${pid}</arg>
<doc>Executes ``command`` on the remote machine and returns its outputs.</doc>
<msg timestamp="20230928 10:39:34.947" level="INFO">Executing command 'kill -9 7125'.</msg>
<msg timestamp="20230928 10:39:35.065" level="INFO">Command exited with return code 0.</msg>
<msg timestamp="20230928 10:39:35.065" level="INFO">${kill_pid} = </msg>
<status status="PASS" starttime="20230928 10:39:34.947" endtime="20230928 10:39:35.065"/>
</kw>
<kw name="Read" library="SSHLibrary">
<var>${output2}</var>
<arg>delay=2s</arg>
<doc>Consumes and returns everything available on the server output.</doc>
<msg timestamp="20230928 10:39:37.065" level="INFO">${output2} = </msg>
<status status="PASS" starttime="20230928 10:39:35.065" endtime="20230928 10:39:37.065"/>
</kw>
<kw name="Log To Console" library="BuiltIn">
<arg>${output2}</arg>
<doc>Logs the given message to the console.</doc>
<status status="PASS" starttime="20230928 10:39:37.065" endtime="20230928 10:39:37.066"/>
</kw>
<kw name="Log To Console" library="BuiltIn">
<arg>PID: ${pid}</arg>
<doc>Logs the given message to the console.</doc>
<status status="PASS" starttime="20230928 10:39:37.066" endtime="20230928 10:39:37.067"/>
</kw>
<status status="PASS" starttime="20230928 10:39:34.861" endtime="20230928 10:39:37.067"/>
</kw>
<status status="PASS" starttime="20230928 10:39:34.860" endtime="20230928 10:39:37.067"/>
</kw>
<doc>DESIGN STEPS

============

gRPC Tool Testing Using Automation

Step1:

Login to Receiver VM and Execute the command to make receiver ready to accept the files.

Step 2:

Login to Sender VM and Execute the command to send a files

Step 3:

Check the eexcuted command is success or fail

Step4:

Login to Rceiver Command and check the file is recived at Receiver VM.

*ASSIGNEE=#####*</doc>
<tag>gRPC</tag>
<tag>NewFeature</tag>
<tag>Regression</tag>
<timeout value="15 minutes"/>
<status status="PASS" starttime="20230928 10:39:26.842" endtime="20230928 10:39:37.068"/>
</test>
<test id="s1-t4" name="GRPC_Test_04" line="108">
<kw name="test setup demo" library="grpc_keywords" type="SETUP">
<kw name="Log" library="BuiltIn">
<arg>the test setup demo keyword is executed</arg>
<doc>Logs the given message with the given level.</doc>
<msg timestamp="20230928 10:39:37.071" level="INFO">the test setup demo keyword is executed</msg>
<status status="PASS" starttime="20230928 10:39:37.070" endtime="20230928 10:39:37.071"/>
</kw>
<status status="PASS" starttime="20230928 10:39:37.070" endtime="20230928 10:39:37.071"/>
</kw>
<kw name="Receiver Compress Disabled Using gRPC Protocol Via SSH" library="grpc_keywords">
<var>${status}</var>
<arg>${sender}</arg>
<arg>${reciver}</arg>
<kw name="Reciver command" library="grpc_keywords">
<var>${rec_res}</var>
<arg>${reciver.host}</arg>
<arg>${reciver.user}</arg>
<arg>${reciver.pwd}</arg>
<arg>${reciver.bin_dir}/grpc_receiver ${reciver.D_option} ${reciver.d_option} .</arg>
<kw name="Establish SSH Connection" library="grpc_keywords">
<arg>${host}</arg>
<arg>${user}</arg>
<arg>${pwd}</arg>
<kw name="Open Connection" library="SSHLibrary">
<arg>${host}</arg>
<doc>Opens a new SSH connection to the given ``host`` and ``port``.</doc>
<status status="PASS" starttime="20230928 10:39:37.075" endtime="20230928 10:39:37.076"/>
</kw>
<kw name="Login" library="SSHLibrary">
<arg>${user}</arg>
<arg>${pwd}</arg>
<doc>Logs into the SSH server with the given ``username`` and ``password``.</doc>
<msg timestamp="20230928 10:39:37.078" level="INFO">Logging into '192.168.29.11:22' as 'admin'.</msg>
<msg timestamp="20230928 10:39:38.260" level="INFO">Read output: Activate the web console with: systemctl enable --now cockpit.socket

Last login: Wed Sep 27 17:47:11 2023 from 192.168.29.98
[admin@gRPCreceiver ~]$</msg>
<status status="PASS" starttime="20230928 10:39:37.077" endtime="20230928 10:39:38.260"/>
</kw>
<status status="PASS" starttime="20230928 10:39:37.074" endtime="20230928 10:39:38.260"/>
</kw>
<kw name="Write" library="SSHLibrary">
<arg>cd ${reciver.bin_dir}</arg>
<doc>Writes the given ``text`` on the remote machine and appends a newline.</doc>
<msg timestamp="20230928 10:39:38.264" level="INFO">cd /home/admin/project/bin</msg>
<status status="PASS" starttime="20230928 10:39:38.260" endtime="20230928 10:39:38.264"/>
</kw>
<kw name="Write" library="SSHLibrary">
<arg>${cmd}</arg>
<doc>Writes the given ``text`` on the remote machine and appends a newline.</doc>
<msg timestamp="20230928 10:39:38.269" level="INFO">[admin@gRPCreceiver bin]$ /home/admin/project/bin/grpc_receiver -D -d .</msg>
<status status="PASS" starttime="20230928 10:39:38.264" endtime="20230928 10:39:38.269"/>
</kw>
<kw name="Read" library="SSHLibrary">
<var>${output}</var>
<arg>delay=2s</arg>
<doc>Consumes and returns everything available on the server output.</doc>
<msg timestamp="20230928 10:39:42.270" level="INFO">2023-09-27 17:47:16 [TRACE] log level is set to trace
2023-09-27 17:47:16 [INFO] default receiving path is: .
2023-09-27 17:47:16 [INFO] Starting GRPC Receiver...
2023-09-27 17:47:16 [TRACE] The server does not have a default compression algorithm set
2023-09-27 17:47:16 [INFO] Server listening on 0.0.0.0:50051 . Press Ctrl-C to end.</msg>
<msg timestamp="20230928 10:39:42.270" level="INFO">${output} = 2023-09-27 17:47:16 [TRACE] log level is set to trace
2023-09-27 17:47:16 [INFO] default receiving path is: .
2023-09-27 17:47:16 [INFO] Starting GRPC Receiver...
2023-09-27 17:47:16 [TRACE] The se...</msg>
<status status="PASS" starttime="20230928 10:39:38.269" endtime="20230928 10:39:42.270"/>
</kw>
<kw name="Log To Console" library="BuiltIn">
<arg>${output}</arg>
<doc>Logs the given message to the console.</doc>
<status status="PASS" starttime="20230928 10:39:42.270" endtime="20230928 10:39:42.273"/>
</kw>
<kw name="List Directory" library="SSHLibrary">
<var>${open_home}</var>
<arg>${reciver.bin_dir}</arg>
<doc>Returns and logs items in the remote ``path``, optionally filtered with ``pattern``.</doc>
<msg timestamp="20230928 10:39:42.355" level="INFO">[chan 1] Opened sftp connection (server version 3)</msg>
<msg timestamp="20230928 10:39:42.360" level="INFO">3 items:
grpc_receiver
grpc_sender
test.txt</msg>
<msg timestamp="20230928 10:39:42.361" level="INFO">${open_home} = ['grpc_receiver', 'grpc_sender', 'test.txt']</msg>
<status status="PASS" starttime="20230928 10:39:42.273" endtime="20230928 10:39:42.361"/>
</kw>
<msg timestamp="20230928 10:39:42.361" level="INFO">${rec_res} = ['grpc_receiver', 'grpc_sender', 'test.txt']</msg>
<status status="PASS" starttime="20230928 10:39:37.072" endtime="20230928 10:39:42.361"/>
</kw>
<kw name="Log To Console" library="BuiltIn">
<arg>${rec_res}</arg>
<doc>Logs the given message to the console.</doc>
<status status="PASS" starttime="20230928 10:39:42.361" endtime="20230928 10:39:42.362"/>
</kw>
<kw name="Sender command unspecifed path" library="grpc_keywords">
<var>${snd_result}</var>
<for flavor="IN">
<var>${element}</var>
<value>@{sender.senders_ip}</value>
<iter>
<var name="${element}">192.168.29.141</var>
<kw name="Get From Dictionary" library="Collections">
<var>${sender_info}</var>
<arg>${sender}</arg>
<arg>${element}</arg>
<doc>Returns a value from the given ``dictionary`` based on the given ``key``.</doc>
<msg timestamp="20230928 10:39:42.365" level="INFO">${sender_info} = {'usr1': 'admin', 'pwd': 'admin123', 'file_name': 'test.txt'}</msg>
<status status="PASS" starttime="20230928 10:39:42.364" endtime="20230928 10:39:42.365"/>
</kw>
<kw name="Establish SSH Connection" library="grpc_keywords">
<arg>${element}</arg>
<arg>${sender_info.usr1}</arg>
<arg>${sender_info.pwd}</arg>
<kw name="Open Connection" library="SSHLibrary">
<arg>${host}</arg>
<doc>Opens a new SSH connection to the given ``host`` and ``port``.</doc>
<status status="PASS" starttime="20230928 10:39:42.366" endtime="20230928 10:39:42.366"/>
</kw>
<kw name="Login" library="SSHLibrary">
<arg>${user}</arg>
<arg>${pwd}</arg>
<doc>Logs into the SSH server with the given ``username`` and ``password``.</doc>
<msg timestamp="20230928 10:39:42.367" level="INFO">Logging into '192.168.29.141:22' as 'admin'.</msg>
<msg timestamp="20230928 10:39:43.605" level="INFO">Read output: Activate the web console with: systemctl enable --now cockpit.socket

Last login: Wed Sep 27 17:46:42 2023 from 192.168.29.98
[admin@gRPCSender ~]$</msg>
<status status="PASS" starttime="20230928 10:39:42.367" endtime="20230928 10:39:43.605"/>
</kw>
<status status="PASS" starttime="20230928 10:39:42.365" endtime="20230928 10:39:43.605"/>
</kw>
<kw name="Execute Command" library="SSHLibrary">
<var>${stdout}</var>
<arg>${sender.bin_dir}/grpc_sender -D -s ${reciver.host}:${reciver.port} -f ${sender.bin_dir}/${sender_info.file_name} -v 1 -b 1MB</arg>
<arg>return_stdout=False</arg>
<arg>return_stdout=True</arg>
<doc>Executes ``command`` on the remote machine and returns its outputs.</doc>
<msg timestamp="20230928 10:39:43.609" level="INFO">Executing command '/home/admin/project/bin/grpc_sender -D -s 192.168.29.11:50051 -f /home/admin/project/bin/test.txt -v 1 -b 1MB'.</msg>
<msg timestamp="20230928 10:39:43.751" level="INFO">Command exited with return code 0.</msg>
<msg timestamp="20230928 10:39:43.751" level="INFO">${stdout} = 2023-09-27 17:46:54 [INFO] Buffer chunk size is set to: 1MB
2023-09-27 17:46:54 [INFO] GRPC destination pod service is: 192.168.29.11:50051
2023-09-27 17:46:54 [INFO] Checksum validation is set to: md...</msg>
<status status="PASS" starttime="20230928 10:39:43.606" endtime="20230928 10:39:43.751"/>
</kw>
<kw name="Should Contain" library="BuiltIn">
<arg>${stdout}</arg>
<arg>File ${sender.bin_dir}/${sender_info.file_name} transfer succeeded.</arg>
<doc>Fails if ``container`` does not contain ``item`` one or more times.</doc>
<status status="PASS" starttime="20230928 10:39:43.751" endtime="20230928 10:39:43.753"/>
</kw>
<status status="PASS" starttime="20230928 10:39:42.364" endtime="20230928 10:39:43.753"/>
</iter>
<status status="PASS" starttime="20230928 10:39:42.363" endtime="20230928 10:39:43.753"/>
</for>
<msg timestamp="20230928 10:39:43.753" level="INFO">${snd_result} = None</msg>
<status status="PASS" starttime="20230928 10:39:42.362" endtime="20230928 10:39:43.753"/>
</kw>
<kw name="Establish SSH Connection" library="grpc_keywords">
<arg>${reciver.host}</arg>
<arg>${reciver.user}</arg>
<arg>${reciver.pwd}</arg>
<kw name="Open Connection" library="SSHLibrary">
<arg>${host}</arg>
<doc>Opens a new SSH connection to the given ``host`` and ``port``.</doc>
<status status="PASS" starttime="20230928 10:39:43.755" endtime="20230928 10:39:43.755"/>
</kw>
<kw name="Login" library="SSHLibrary">
<arg>${user}</arg>
<arg>${pwd}</arg>
<doc>Logs into the SSH server with the given ``username`` and ``password``.</doc>
<msg timestamp="20230928 10:39:43.757" level="INFO">Logging into '192.168.29.11:22' as 'admin'.</msg>
<msg timestamp="20230928 10:39:45.003" level="INFO">Read output: Activate the web console with: systemctl enable --now cockpit.socket

Last login: Wed Sep 27 17:47:15 2023 from 192.168.29.98
[admin@gRPCreceiver ~]$</msg>
<status status="PASS" starttime="20230928 10:39:43.756" endtime="20230928 10:39:45.003"/>
</kw>
<status status="PASS" starttime="20230928 10:39:43.754" endtime="20230928 10:39:45.003"/>
</kw>
<kw name="List Directory" library="SSHLibrary">
<var>${open_home}</var>
<arg>${reciver.bin_dir}</arg>
<doc>Returns and logs items in the remote ``path``, optionally filtered with ``pattern``.</doc>
<msg timestamp="20230928 10:39:45.108" level="INFO">[chan 1] Opened sftp connection (server version 3)</msg>
<msg timestamp="20230928 10:39:45.120" level="INFO">3 items:
grpc_receiver
grpc_sender
test.txt</msg>
<msg timestamp="20230928 10:39:45.120" level="INFO">${open_home} = ['grpc_receiver', 'grpc_sender', 'test.txt']</msg>
<status status="PASS" starttime="20230928 10:39:45.003" endtime="20230928 10:39:45.120"/>
</kw>
<kw name="Should Contain" library="BuiltIn">
<arg>${open_home}</arg>
<arg>${sender.file_name}</arg>
<doc>Fails if ``container`` does not contain ``item`` one or more times.</doc>
<status status="PASS" starttime="20230928 10:39:45.120" endtime="20230928 10:39:45.121"/>
</kw>
<msg timestamp="20230928 10:39:45.121" level="INFO">${status} = None</msg>
<status status="PASS" starttime="20230928 10:39:37.071" endtime="20230928 10:39:45.121"/>
</kw>
<kw name="Log" library="BuiltIn">
<arg>${status}</arg>
<doc>Logs the given message with the given level.</doc>
<msg timestamp="20230928 10:39:45.123" level="INFO">None</msg>
<status status="PASS" starttime="20230928 10:39:45.122" endtime="20230928 10:39:45.123"/>
</kw>
<kw name="Run Keyword If" library="BuiltIn">
<arg>'${status}' == '${False}'</arg>
<arg>fail</arg>
<arg>Test case is Failed</arg>
<doc>Runs the given keyword with the given arguments, if ``condition`` is true.</doc>
<status status="PASS" starttime="20230928 10:39:45.124" endtime="20230928 10:39:45.124"/>
</kw>
<kw name="test teardown demo" library="grpc_keywords" type="TEARDOWN">
<kw name="Log" library="BuiltIn">
<arg>the test teardown keyword is executed</arg>
<doc>Logs the given message with the given level.</doc>
<msg timestamp="20230928 10:39:45.125" level="INFO">the test teardown keyword is executed</msg>
<status status="PASS" starttime="20230928 10:39:45.125" endtime="20230928 10:39:45.125"/>
</kw>
<kw name="Kill the Process" library="grpc_keywords">
<kw name="Execute Command" library="SSHLibrary">
<var>${output}</var>
<arg>lsof -i :${reciver.port}</arg>
<arg>shell=True</arg>
<doc>Executes ``command`` on the remote machine and returns its outputs.</doc>
<msg timestamp="20230928 10:39:45.126" level="INFO">Executing command 'lsof -i :50051'.</msg>
<msg timestamp="20230928 10:39:45.209" level="INFO">Command exited with return code 0.</msg>
<msg timestamp="20230928 10:39:45.209" level="INFO">${output} = COMMAND    PID  USER   FD   TYPE DEVICE SIZE/OFF NODE NAME
grpc_rece 7293 admin    5u  IPv6  62277      0t0  TCP *:50051 (LISTEN)</msg>
<status status="PASS" starttime="20230928 10:39:45.125" endtime="20230928 10:39:45.209"/>
</kw>
<kw name="Split String" library="String">
<var>${lines}</var>
<arg>${output}</arg>
<arg>\n</arg>
<doc>Splits the ``string`` using ``separator`` as a delimiter string.</doc>
<msg timestamp="20230928 10:39:45.209" level="INFO">${lines} = ['COMMAND    PID  USER   FD   TYPE DEVICE SIZE/OFF NODE NAME', 'grpc_rece 7293 admin    5u  IPv6  62277      0t0  TCP *:50051 (LISTEN)']</msg>
<status status="PASS" starttime="20230928 10:39:45.209" endtime="20230928 10:39:45.209"/>
</kw>
<kw name="Set Variable" library="BuiltIn">
<var>${pid_line}</var>
<arg>${EMPTY}</arg>
<doc>Returns the given values which can then be assigned to a variables.</doc>
<msg timestamp="20230928 10:39:45.211" level="INFO">${pid_line} = </msg>
<status status="PASS" starttime="20230928 10:39:45.209" endtime="20230928 10:39:45.211"/>
</kw>
<for flavor="IN">
<var>${line}</var>
<value>@{lines}</value>
<iter>
<var name="${line}">COMMAND    PID  USER   FD   TYPE DEVICE SIZE/OFF NODE NAME</var>
<kw name="Split String" library="String">
<var>${parts}</var>
<arg>${line}</arg>
<arg>${SPACE}</arg>
<doc>Splits the ``string`` using ``separator`` as a delimiter string.</doc>
<msg timestamp="20230928 10:39:45.211" level="INFO">${parts} = ['COMMAND', '', '', '', 'PID', '', 'USER', '', '', 'FD', '', '', 'TYPE', 'DEVICE', 'SIZE/OFF', 'NODE', 'NAME']</msg>
<status status="PASS" starttime="20230928 10:39:45.211" endtime="20230928 10:39:45.211"/>
</kw>
<status status="PASS" starttime="20230928 10:39:45.211" endtime="20230928 10:39:45.211"/>
</iter>
<iter>
<var name="${line}">grpc_rece 7293 admin    5u  IPv6  62277      0t0  TCP *:50051 (LISTEN)</var>
<kw name="Split String" library="String">
<var>${parts}</var>
<arg>${line}</arg>
<arg>${SPACE}</arg>
<doc>Splits the ``string`` using ``separator`` as a delimiter string.</doc>
<msg timestamp="20230928 10:39:45.211" level="INFO">${parts} = ['grpc_rece', '7293', 'admin', '', '', '', '5u', '', 'IPv6', '', '62277', '', '', '', '', '', '0t0', '', 'TCP', '*:50051', '(LISTEN)']</msg>
<status status="PASS" starttime="20230928 10:39:45.211" endtime="20230928 10:39:45.211"/>
</kw>
<status status="PASS" starttime="20230928 10:39:45.211" endtime="20230928 10:39:45.211"/>
</iter>
<status status="PASS" starttime="20230928 10:39:45.211" endtime="20230928 10:39:45.211"/>
</for>
<kw name="Set Variable" library="BuiltIn">
<var>${pid}</var>
<arg>${parts[1]}</arg>
<doc>Returns the given values which can then be assigned to a variables.</doc>
<msg timestamp="20230928 10:39:45.212" level="INFO">${pid} = 7293</msg>
<status status="PASS" starttime="20230928 10:39:45.211" endtime="20230928 10:39:45.212"/>
</kw>
<kw name="Execute Command" library="SSHLibrary">
<var>${kill_pid}</var>
<arg>kill -9 ${pid}</arg>
<doc>Executes ``command`` on the remote machine and returns its outputs.</doc>
<msg timestamp="20230928 10:39:45.212" level="INFO">Executing command 'kill -9 7293'.</msg>
<msg timestamp="20230928 10:39:45.332" level="INFO">Command exited with return code 0.</msg>
<msg timestamp="20230928 10:39:45.332" level="INFO">${kill_pid} = </msg>
<status status="PASS" starttime="20230928 10:39:45.212" endtime="20230928 10:39:45.332"/>
</kw>
<kw name="Read" library="SSHLibrary">
<var>${output2}</var>
<arg>delay=2s</arg>
<doc>Consumes and returns everything available on the server output.</doc>
<msg timestamp="20230928 10:39:47.332" level="INFO">${output2} = </msg>
<status status="PASS" starttime="20230928 10:39:45.332" endtime="20230928 10:39:47.332"/>
</kw>
<kw name="Log To Console" library="BuiltIn">
<arg>${output2}</arg>
<doc>Logs the given message to the console.</doc>
<status status="PASS" starttime="20230928 10:39:47.332" endtime="20230928 10:39:47.333"/>
</kw>
<kw name="Log To Console" library="BuiltIn">
<arg>PID: ${pid}</arg>
<doc>Logs the given message to the console.</doc>
<status status="PASS" starttime="20230928 10:39:47.333" endtime="20230928 10:39:47.334"/>
</kw>
<status status="PASS" starttime="20230928 10:39:45.125" endtime="20230928 10:39:47.334"/>
</kw>
<status status="PASS" starttime="20230928 10:39:45.125" endtime="20230928 10:39:47.334"/>
</kw>
<doc>DESIGN STEPS

============

gRPC Tool Testing Using Automation

Step1:

Login to Receiver VM and Execute the command to make receiver ready to accept the files.

Step 2:

Login to Sender VM and Execute the command to send a files

Step 3:

Check the eexcuted command is success or fail

Step4:

Login to Rceiver Command and check the file is recived at Receiver VM.

*ASSIGNEE=#####*</doc>
<tag>gRPC</tag>
<tag>NewFeature</tag>
<tag>Regression</tag>
<timeout value="15 minutes"/>
<status status="PASS" starttime="20230928 10:39:37.069" endtime="20230928 10:39:47.335"/>
</test>
<test id="s1-t5" name="GRPC_Test_05" line="139">
<kw name="test setup demo" library="grpc_keywords" type="SETUP">
<kw name="Log" library="BuiltIn">
<arg>the test setup demo keyword is executed</arg>
<doc>Logs the given message with the given level.</doc>
<msg timestamp="20230928 10:39:47.338" level="INFO">the test setup demo keyword is executed</msg>
<status status="PASS" starttime="20230928 10:39:47.337" endtime="20230928 10:39:47.338"/>
</kw>
<status status="PASS" starttime="20230928 10:39:47.337" endtime="20230928 10:39:47.338"/>
</kw>
<kw name="Receiver Compress Enabled Using gRPC Protocol Via SSH" library="grpc_keywords">
<var>${status}</var>
<arg>${sender}</arg>
<arg>${reciver}</arg>
<kw name="Reciver command" library="grpc_keywords">
<var>${rec_res}</var>
<arg>${reciver.host}</arg>
<arg>${reciver.user}</arg>
<arg>${reciver.pwd}</arg>
<arg>${reciver.bin_dir}/grpc_receiver ${reciver.c_option} ${reciver.l_option} ${reciver.D_option} ${reciver.d_option} .</arg>
<kw name="Establish SSH Connection" library="grpc_keywords">
<arg>${host}</arg>
<arg>${user}</arg>
<arg>${pwd}</arg>
<kw name="Open Connection" library="SSHLibrary">
<arg>${host}</arg>
<doc>Opens a new SSH connection to the given ``host`` and ``port``.</doc>
<status status="PASS" starttime="20230928 10:39:47.342" endtime="20230928 10:39:47.343"/>
</kw>
<kw name="Login" library="SSHLibrary">
<arg>${user}</arg>
<arg>${pwd}</arg>
<doc>Logs into the SSH server with the given ``username`` and ``password``.</doc>
<msg timestamp="20230928 10:39:47.344" level="INFO">Logging into '192.168.29.11:22' as 'admin'.</msg>
<msg timestamp="20230928 10:39:48.544" level="INFO">Read output: Activate the web console with: systemctl enable --now cockpit.socket

Last login: Wed Sep 27 17:47:22 2023 from 192.168.29.98
[admin@gRPCreceiver ~]$</msg>
<status status="PASS" starttime="20230928 10:39:47.343" endtime="20230928 10:39:48.544"/>
</kw>
<status status="PASS" starttime="20230928 10:39:47.342" endtime="20230928 10:39:48.544"/>
</kw>
<kw name="Write" library="SSHLibrary">
<arg>cd ${reciver.bin_dir}</arg>
<doc>Writes the given ``text`` on the remote machine and appends a newline.</doc>
<msg timestamp="20230928 10:39:48.548" level="INFO">cd /home/admin/project/bin</msg>
<status status="PASS" starttime="20230928 10:39:48.544" endtime="20230928 10:39:48.548"/>
</kw>
<kw name="Write" library="SSHLibrary">
<arg>${cmd}</arg>
<doc>Writes the given ``text`` on the remote machine and appends a newline.</doc>
<msg timestamp="20230928 10:39:48.552" level="INFO">[admin@gRPCreceiver bin]$ /home/admin/project/bin/grpc_receiver -c 1 -l 3 -D -d ..</msg>
<status status="PASS" starttime="20230928 10:39:48.548" endtime="20230928 10:39:48.552"/>
</kw>
<kw name="Read" library="SSHLibrary">
<var>${output}</var>
<arg>delay=2s</arg>
<doc>Consumes and returns everything available on the server output.</doc>
<msg timestamp="20230928 10:39:52.554" level="INFO">2023-09-27 17:47:27 [TRACE] log level is set to trace
2023-09-27 17:47:27 [INFO] default receiving path is: .
2023-09-27 17:47:27 [INFO] Starting GRPC Receiver...
2023-09-27 17:47:27 [TRACE] set compression algorithm: GRPC_COMPRESS_DEFLATE, set compression level to: GRPC_COMPRESS_LEVEL_HIGH
2023-09-27 17:47:27 [TRACE] The server has a default compression algorithm set
2023-09-27 17:47:27 [INFO] Server listening on 0.0.0.0:50051 . Press Ctrl-C to end.</msg>
<msg timestamp="20230928 10:39:52.554" level="INFO">${output} = 2023-09-27 17:47:27 [TRACE] log level is set to trace
2023-09-27 17:47:27 [INFO] default receiving path is: .
2023-09-27 17:47:27 [INFO] Starting GRPC Receiver...
2023-09-27 17:47:27 [TRACE] set co...</msg>
<status status="PASS" starttime="20230928 10:39:48.552" endtime="20230928 10:39:52.554"/>
</kw>
<kw name="Log To Console" library="BuiltIn">
<arg>${output}</arg>
<doc>Logs the given message to the console.</doc>
<status status="PASS" starttime="20230928 10:39:52.554" endtime="20230928 10:39:52.557"/>
</kw>
<kw name="List Directory" library="SSHLibrary">
<var>${open_home}</var>
<arg>${reciver.bin_dir}</arg>
<doc>Returns and logs items in the remote ``path``, optionally filtered with ``pattern``.</doc>
<msg timestamp="20230928 10:39:52.644" level="INFO">[chan 1] Opened sftp connection (server version 3)</msg>
<msg timestamp="20230928 10:39:52.651" level="INFO">3 items:
grpc_receiver
grpc_sender
test.txt</msg>
<msg timestamp="20230928 10:39:52.651" level="INFO">${open_home} = ['grpc_receiver', 'grpc_sender', 'test.txt']</msg>
<status status="PASS" starttime="20230928 10:39:52.557" endtime="20230928 10:39:52.651"/>
</kw>
<msg timestamp="20230928 10:39:52.651" level="INFO">${rec_res} = ['grpc_receiver', 'grpc_sender', 'test.txt']</msg>
<status status="PASS" starttime="20230928 10:39:47.339" endtime="20230928 10:39:52.651"/>
</kw>
<kw name="Log To Console" library="BuiltIn">
<arg>${rec_res}</arg>
<doc>Logs the given message to the console.</doc>
<status status="PASS" starttime="20230928 10:39:52.651" endtime="20230928 10:39:52.652"/>
</kw>
<kw name="Receiver compress enabled" library="grpc_keywords">
<var>${snd_result}</var>
<for flavor="IN">
<var>${element}</var>
<value>@{sender.senders_ip}</value>
<iter>
<var name="${element}">192.168.29.141</var>
<kw name="Get From Dictionary" library="Collections">
<var>${sender_info}</var>
<arg>${sender}</arg>
<arg>${element}</arg>
<doc>Returns a value from the given ``dictionary`` based on the given ``key``.</doc>
<msg timestamp="20230928 10:39:52.654" level="INFO">${sender_info} = {'usr1': 'admin', 'pwd': 'admin123', 'file_name': 'test.txt'}</msg>
<status status="PASS" starttime="20230928 10:39:52.653" endtime="20230928 10:39:52.654"/>
</kw>
<kw name="Establish SSH Connection" library="grpc_keywords">
<arg>${element}</arg>
<arg>${sender_info.usr1}</arg>
<arg>${sender_info.pwd}</arg>
<kw name="Open Connection" library="SSHLibrary">
<arg>${host}</arg>
<doc>Opens a new SSH connection to the given ``host`` and ``port``.</doc>
<status status="PASS" starttime="20230928 10:39:52.655" endtime="20230928 10:39:52.656"/>
</kw>
<kw name="Login" library="SSHLibrary">
<arg>${user}</arg>
<arg>${pwd}</arg>
[...]
<status status="PASS" starttime="20230928 10:40:04.368" endtime="20230928 10:40:04.499"/>
</kw>
<kw name="Read" library="SSHLibrary">
<var>${output2}</var>
<arg>delay=2s</arg>
<doc>Consumes and returns everything available on the server output.</doc>
<msg timestamp="20230928 10:40:06.500" level="INFO">${output2} = </msg>
<status status="PASS" starttime="20230928 10:40:04.500" endtime="20230928 10:40:06.500"/>
</kw>
<kw name="Log To Console" library="BuiltIn">
<arg>${output2}</arg>
<doc>Logs the given message to the console.</doc>
<status status="PASS" starttime="20230928 10:40:06.500" endtime="20230928 10:40:06.500"/>
</kw>
<kw name="Log To Console" library="BuiltIn">
<arg>PID: ${pid}</arg>
<doc>Logs the given message to the console.</doc>
<status status="PASS" starttime="20230928 10:40:06.501" endtime="20230928 10:40:06.501"/>
</kw>
<status status="PASS" starttime="20230928 10:40:04.251" endtime="20230928 10:40:06.501"/>
</kw>
<status status="PASS" starttime="20230928 10:40:04.251" endtime="20230928 10:40:06.501"/>
</kw>
<doc>DESIGN STEPS

============

gRPC Tool Testing Using Automation

Step1:

Login to Receiver VM and Execute the command to make receiver ready to accept the files.

Step 2:

Login to Sender VM and Execute the command to send a files

Step 3:

Check the eexcuted command is success or fail

Step4:

Login to Rceiver Command and check the file is recived at Receiver VM.

*ASSIGNEE=#####*</doc>
<tag>gRPC</tag>
<tag>NewFeature</tag>
<tag>Regression</tag>
<timeout value="15 minutes"/>
<status status="PASS" starttime="20230928 10:39:56.259" endtime="20230928 10:40:06.502"/>
</test>
<test id="s1-t7" name="GRPC_Test_07" line="201">
<kw name="test setup demo" library="grpc_keywords" type="SETUP">
<kw name="Log" library="BuiltIn">
<arg>the test setup demo keyword is executed</arg>
<doc>Logs the given message with the given level.</doc>
<msg timestamp="20230928 10:40:06.505" level="INFO">the test setup demo keyword is executed</msg>
<status status="PASS" starttime="20230928 10:40:06.504" endtime="20230928 10:40:06.505"/>
</kw>
<status status="PASS" starttime="20230928 10:40:06.504" endtime="20230928 10:40:06.505"/>
</kw>
<kw name="Checksum Validation Switchon Using gRPC Protocol Via SSH" library="grpc_keywords">
<var>${status}</var>
<arg>${sender}</arg>
<arg>${reciver}</arg>
<kw name="Reciver command" library="grpc_keywords">
<var>${rec_res}</var>
<arg>${reciver.host}</arg>
<arg>${reciver.user}</arg>
<arg>${reciver.pwd}</arg>
<arg>${reciver.bin_dir}/grpc_receiver ${reciver.c_option} ${reciver.l_option} ${reciver.D_option} ${reciver.d_option} .</arg>
<kw name="Establish SSH Connection" library="grpc_keywords">
<arg>${host}</arg>
<arg>${user}</arg>
<arg>${pwd}</arg>
<kw name="Open Connection" library="SSHLibrary">
<arg>${host}</arg>
<doc>Opens a new SSH connection to the given ``host`` and ``port``.</doc>
<status status="PASS" starttime="20230928 10:40:06.509" endtime="20230928 10:40:06.510"/>
</kw>
<kw name="Login" library="SSHLibrary">
<arg>${user}</arg>
<arg>${pwd}</arg>
<doc>Logs into the SSH server with the given ``username`` and ``password``.</doc>
<msg timestamp="20230928 10:40:06.511" level="INFO">Logging into '192.168.29.11:22' as 'admin'.</msg>
<msg timestamp="20230928 10:40:07.732" level="INFO">Read output: Activate the web console with: systemctl enable --now cockpit.socket

Last login: Wed Sep 27 17:47:43 2023 from 192.168.29.98
[admin@gRPCreceiver ~]$</msg>
<status status="PASS" starttime="20230928 10:40:06.510" endtime="20230928 10:40:07.732"/>
</kw>
<status status="PASS" starttime="20230928 10:40:06.508" endtime="20230928 10:40:07.732"/>
</kw>
<kw name="Write" library="SSHLibrary">
<arg>cd ${reciver.bin_dir}</arg>
<doc>Writes the given ``text`` on the remote machine and appends a newline.</doc>
<msg timestamp="20230928 10:40:07.737" level="INFO">cd /home/admin/project/bin</msg>
<status status="PASS" starttime="20230928 10:40:07.732" endtime="20230928 10:40:07.737"/>
</kw>
<kw name="Write" library="SSHLibrary">
<arg>${cmd}</arg>
<doc>Writes the given ``text`` on the remote machine and appends a newline.</doc>
<msg timestamp="20230928 10:40:07.742" level="INFO">[admin@gRPCreceiver bin]$ /home/admin/project/bin/grpc_receiver -c 1 -l 3 -D -d ..</msg>
<status status="PASS" starttime="20230928 10:40:07.737" endtime="20230928 10:40:07.742"/>
</kw>
<kw name="Read" library="SSHLibrary">
<var>${output}</var>
<arg>delay=2s</arg>
<doc>Consumes and returns everything available on the server output.</doc>
<msg timestamp="20230928 10:40:11.744" level="INFO">2023-09-27 17:47:48 [TRACE] log level is set to trace
2023-09-27 17:47:48 [INFO] default receiving path is: .
2023-09-27 17:47:48 [INFO] Starting GRPC Receiver...
2023-09-27 17:47:48 [TRACE] set compression algorithm: GRPC_COMPRESS_DEFLATE, set compression level to: GRPC_COMPRESS_LEVEL_HIGH
2023-09-27 17:47:48 [TRACE] The server has a default compression algorithm set
2023-09-27 17:47:48 [INFO] Server listening on 0.0.0.0:50051 . Press Ctrl-C to end.</msg>
<msg timestamp="20230928 10:40:11.744" level="INFO">${output} = 2023-09-27 17:47:48 [TRACE] log level is set to trace
2023-09-27 17:47:48 [INFO] default receiving path is: .
2023-09-27 17:47:48 [INFO] Starting GRPC Receiver...
2023-09-27 17:47:48 [TRACE] set co...</msg>
<status status="PASS" starttime="20230928 10:40:07.742" endtime="20230928 10:40:11.744"/>
</kw>
<kw name="Log To Console" library="BuiltIn">
<arg>${output}</arg>
<doc>Logs the given message to the console.</doc>
<status status="PASS" starttime="20230928 10:40:11.744" endtime="20230928 10:40:11.747"/>
</kw>
<kw name="List Directory" library="SSHLibrary">
<var>${open_home}</var>
<arg>${reciver.bin_dir}</arg>
<doc>Returns and logs items in the remote ``path``, optionally filtered with ``pattern``.</doc>
<msg timestamp="20230928 10:40:11.828" level="INFO">[chan 1] Opened sftp connection (server version 3)</msg>
<msg timestamp="20230928 10:40:11.835" level="INFO">3 items:
grpc_receiver
grpc_sender
test.txt</msg>
<msg timestamp="20230928 10:40:11.836" level="INFO">${open_home} = ['grpc_receiver', 'grpc_sender', 'test.txt']</msg>
<status status="PASS" starttime="20230928 10:40:11.748" endtime="20230928 10:40:11.836"/>
</kw>
<msg timestamp="20230928 10:40:11.836" level="INFO">${rec_res} = ['grpc_receiver', 'grpc_sender', 'test.txt']</msg>
<status status="PASS" starttime="20230928 10:40:06.506" endtime="20230928 10:40:11.836"/>
</kw>
<kw name="Log To Console" library="BuiltIn">
<arg>${rec_res}</arg>
<doc>Logs the given message to the console.</doc>
<status status="PASS" starttime="20230928 10:40:11.836" endtime="20230928 10:40:11.838"/>
</kw>
<kw name="Sender CheckSum ON" library="grpc_keywords">
<var>${snd_result}</var>
<for flavor="IN">
<var>${element}</var>
<value>@{sender.senders_ip}</value>
<iter>
<var name="${element}">192.168.29.141</var>
<kw name="Get From Dictionary" library="Collections">
<var>${sender_info}</var>
<arg>${sender}</arg>
<arg>${element}</arg>
<doc>Returns a value from the given ``dictionary`` based on the given ``key``.</doc>
<msg timestamp="20230928 10:40:11.840" level="INFO">${sender_info} = {'usr1': 'admin', 'pwd': 'admin123', 'file_name': 'test.txt'}</msg>
<status status="PASS" starttime="20230928 10:40:11.838" endtime="20230928 10:40:11.840"/>
</kw>
<kw name="Establish SSH Connection" library="grpc_keywords">
<arg>${element}</arg>
<arg>${sender_info.usr1}</arg>
<arg>${sender_info.pwd}</arg>
<kw name="Open Connection" library="SSHLibrary">
<arg>${host}</arg>
<doc>Opens a new SSH connection to the given ``host`` and ``port``.</doc>
<status status="PASS" starttime="20230928 10:40:11.842" endtime="20230928 10:40:11.843"/>
</kw>
<kw name="Login" library="SSHLibrary">
<arg>${user}</arg>
<arg>${pwd}</arg>
<doc>Logs into the SSH server with the given ``username`` and ``password``.</doc>
<msg timestamp="20230928 10:40:11.843" level="INFO">Logging into '192.168.29.141:22' as 'admin'.</msg>
<msg timestamp="20230928 10:40:13.093" level="INFO">Read output: Activate the web console with: systemctl enable --now cockpit.socket

Last login: Wed Sep 27 17:47:14 2023 from 192.168.29.98
[admin@gRPCSender ~]$</msg>
<status status="PASS" starttime="20230928 10:40:11.843" endtime="20230928 10:40:13.093"/>
</kw>
<status status="PASS" starttime="20230928 10:40:11.841" endtime="20230928 10:40:13.093"/>
</kw>
<kw name="Execute Command" library="SSHLibrary">
<var>${stdout}</var>
<arg>${sender.bin_dir}/grpc_sender -D -s ${reciver.host}:${reciver.port} -f ${sender.bin_dir}/${sender_info.file_name} -v 1 -b 20KB</arg>
<arg>return_stdout=False</arg>
<arg>return_stdout=True</arg>
<doc>Executes ``command`` on the remote machine and returns its outputs.</doc>
<msg timestamp="20230928 10:40:13.097" level="INFO">Executing command '/home/admin/project/bin/grpc_sender -D -s 192.168.29.11:50051 -f /home/admin/project/bin/test.txt -v 1 -b 20KB'.</msg>
<msg timestamp="20230928 10:40:13.204" level="INFO">Command exited with return code 0.</msg>
<msg timestamp="20230928 10:40:13.204" level="INFO">${stdout} = 2023-09-27 17:47:26 [INFO] Buffer chunk size is set to: 20KB
2023-09-27 17:47:26 [INFO] GRPC destination pod service is: 192.168.29.11:50051
2023-09-27 17:47:26 [INFO] Checksum validation is set to: m...</msg>
<status status="PASS" starttime="20230928 10:40:13.093" endtime="20230928 10:40:13.204"/>
</kw>
<kw name="Log To Console" library="BuiltIn">
<arg>${stdout}</arg>
<doc>Logs the given message to the console.</doc>
<status status="PASS" starttime="20230928 10:40:13.204" endtime="20230928 10:40:13.210"/>
</kw>
<kw name="Should Contain" library="BuiltIn">
<arg>${stdout}</arg>
<arg>checksum algorithm: 1</arg>
<doc>Fails if ``container`` does not contain ``item`` one or more times.</doc>
<status status="PASS" starttime="20230928 10:40:13.210" endtime="20230928 10:40:13.210"/>
</kw>
<status status="PASS" starttime="20230928 10:40:11.838" endtime="20230928 10:40:13.210"/>
</iter>
<status status="PASS" starttime="20230928 10:40:11.838" endtime="20230928 10:40:13.210"/>
</for>
<msg timestamp="20230928 10:40:13.210" level="INFO">${snd_result} = None</msg>
<status status="PASS" starttime="20230928 10:40:11.838" endtime="20230928 10:40:13.210"/>
</kw>
<kw name="Establish SSH Connection" library="grpc_keywords">
<arg>${reciver.host}</arg>
<arg>${reciver.user}</arg>
<arg>${reciver.pwd}</arg>
<kw name="Open Connection" library="SSHLibrary">
<arg>${host}</arg>
<doc>Opens a new SSH connection to the given ``host`` and ``port``.</doc>
<status status="PASS" starttime="20230928 10:40:13.214" endtime="20230928 10:40:13.215"/>
</kw>
<kw name="Login" library="SSHLibrary">
<arg>${user}</arg>
<arg>${pwd}</arg>
<doc>Logs into the SSH server with the given ``username`` and ``password``.</doc>
<msg timestamp="20230928 10:40:13.217" level="INFO">Logging into '192.168.29.11:22' as 'admin'.</msg>
<msg timestamp="20230928 10:40:14.503" level="INFO">Read output: Activate the web console with: systemctl enable --now cockpit.socket

Last login: Wed Sep 27 17:47:47 2023 from 192.168.29.98
[admin@gRPCreceiver ~]$</msg>
<status status="PASS" starttime="20230928 10:40:13.216" endtime="20230928 10:40:14.503"/>
</kw>
<status status="PASS" starttime="20230928 10:40:13.212" endtime="20230928 10:40:14.503"/>
</kw>
<kw name="List Directory" library="SSHLibrary">
<var>${open_home}</var>
<arg>${reciver.bin_dir}</arg>
<doc>Returns and logs items in the remote ``path``, optionally filtered with ``pattern``.</doc>
<msg timestamp="20230928 10:40:14.593" level="INFO">[chan 1] Opened sftp connection (server version 3)</msg>
<msg timestamp="20230928 10:40:14.608" level="INFO">3 items:
grpc_receiver
grpc_sender
test.txt</msg>
<msg timestamp="20230928 10:40:14.608" level="INFO">${open_home} = ['grpc_receiver', 'grpc_sender', 'test.txt']</msg>
<status status="PASS" starttime="20230928 10:40:14.503" endtime="20230928 10:40:14.608"/>
</kw>
<kw name="Should Contain" library="BuiltIn">
<arg>${open_home}</arg>
<arg>${sender.file_name}</arg>
<doc>Fails if ``container`` does not contain ``item`` one or more times.</doc>
<status status="PASS" starttime="20230928 10:40:14.608" endtime="20230928 10:40:14.610"/>
</kw>
<msg timestamp="20230928 10:40:14.610" level="INFO">${status} = None</msg>
<status status="PASS" starttime="20230928 10:40:06.505" endtime="20230928 10:40:14.610"/>
</kw>
<kw name="Log" library="BuiltIn">
<arg>${status}</arg>
<doc>Logs the given message with the given level.</doc>
<msg timestamp="20230928 10:40:14.611" level="INFO">None</msg>
<status status="PASS" starttime="20230928 10:40:14.611" endtime="20230928 10:40:14.612"/>
</kw>
<kw name="Run Keyword If" library="BuiltIn">
<arg>'${status}' == '${False}'</arg>
<arg>fail</arg>
<arg>Test case is Failed</arg>
<doc>Runs the given keyword with the given arguments, if ``condition`` is true.</doc>
<status status="PASS" starttime="20230928 10:40:14.613" endtime="20230928 10:40:14.614"/>
</kw>
<kw name="test teardown demo" library="grpc_keywords" type="TEARDOWN">
<kw name="Log" library="BuiltIn">
<arg>the test teardown keyword is executed</arg>
<doc>Logs the given message with the given level.</doc>
<msg timestamp="20230928 10:40:14.615" level="INFO">the test teardown keyword is executed</msg>
<status status="PASS" starttime="20230928 10:40:14.615" endtime="20230928 10:40:14.615"/>
</kw>
<kw name="Kill the Process" library="grpc_keywords">
<kw name="Execute Command" library="SSHLibrary">
<var>${output}</var>
<arg>lsof -i :${reciver.port}</arg>
<arg>shell=True</arg>
<doc>Executes ``command`` on the remote machine and returns its outputs.</doc>
<msg timestamp="20230928 10:40:14.618" level="INFO">Executing command 'lsof -i :50051'.</msg>
<msg timestamp="20230928 10:40:14.715" level="INFO">Command exited with return code 0.</msg>
<msg timestamp="20230928 10:40:14.715" level="INFO">${output} = COMMAND    PID  USER   FD   TYPE DEVICE SIZE/OFF NODE NAME
grpc_rece 7689 admin    5u  IPv6  64255      0t0  TCP *:50051 (LISTEN)</msg>
<status status="PASS" starttime="20230928 10:40:14.615" endtime="20230928 10:40:14.715"/>
</kw>
<kw name="Split String" library="String">
<var>${lines}</var>
<arg>${output}</arg>
<arg>\n</arg>
<doc>Splits the ``string`` using ``separator`` as a delimiter string.</doc>
<msg timestamp="20230928 10:40:14.715" level="INFO">${lines} = ['COMMAND    PID  USER   FD   TYPE DEVICE SIZE/OFF NODE NAME', 'grpc_rece 7689 admin    5u  IPv6  64255      0t0  TCP *:50051 (LISTEN)']</msg>
<status status="PASS" starttime="20230928 10:40:14.715" endtime="20230928 10:40:14.715"/>
</kw>
<kw name="Set Variable" library="BuiltIn">
<var>${pid_line}</var>
<arg>${EMPTY}</arg>
<doc>Returns the given values which can then be assigned to a variables.</doc>
<msg timestamp="20230928 10:40:14.716" level="INFO">${pid_line} = </msg>
<status status="PASS" starttime="20230928 10:40:14.715" endtime="20230928 10:40:14.716"/>
</kw>
<for flavor="IN">
<var>${line}</var>
<value>@{lines}</value>
<iter>
<var name="${line}">COMMAND    PID  USER   FD   TYPE DEVICE SIZE/OFF NODE NAME</var>
<kw name="Split String" library="String">
<var>${parts}</var>
<arg>${line}</arg>
<arg>${SPACE}</arg>
<doc>Splits the ``string`` using ``separator`` as a delimiter string.</doc>
<msg timestamp="20230928 10:40:14.717" level="INFO">${parts} = ['COMMAND', '', '', '', 'PID', '', 'USER', '', '', 'FD', '', '', 'TYPE', 'DEVICE', 'SIZE/OFF', 'NODE', 'NAME']</msg>
<status status="PASS" starttime="20230928 10:40:14.716" endtime="20230928 10:40:14.717"/>
</kw>
<status status="PASS" starttime="20230928 10:40:14.716" endtime="20230928 10:40:14.717"/>
</iter>
<iter>
<var name="${line}">grpc_rece 7689 admin    5u  IPv6  64255      0t0  TCP *:50051 (LISTEN)</var>
<kw name="Split String" library="String">
<var>${parts}</var>
<arg>${line}</arg>
<arg>${SPACE}</arg>
<doc>Splits the ``string`` using ``separator`` as a delimiter string.</doc>
<msg timestamp="20230928 10:40:14.718" level="INFO">${parts} = ['grpc_rece', '7689', 'admin', '', '', '', '5u', '', 'IPv6', '', '64255', '', '', '', '', '', '0t0', '', 'TCP', '*:50051', '(LISTEN)']</msg>
<status status="PASS" starttime="20230928 10:40:14.717" endtime="20230928 10:40:14.718"/>
</kw>
<status status="PASS" starttime="20230928 10:40:14.717" endtime="20230928 10:40:14.718"/>
</iter>
<status status="PASS" starttime="20230928 10:40:14.716" endtime="20230928 10:40:14.718"/>
</for>
<kw name="Set Variable" library="BuiltIn">
<var>${pid}</var>
<arg>${parts[1]}</arg>
<doc>Returns the given values which can then be assigned to a variables.</doc>
<msg timestamp="20230928 10:40:14.718" level="INFO">${pid} = 7689</msg>
<status status="PASS" starttime="20230928 10:40:14.718" endtime="20230928 10:40:14.718"/>
</kw>
<kw name="Execute Command" library="SSHLibrary">
<var>${kill_pid}</var>
<arg>kill -9 ${pid}</arg>
<doc>Executes ``command`` on the remote machine and returns its outputs.</doc>
<msg timestamp="20230928 10:40:14.719" level="INFO">Executing command 'kill -9 7689'.</msg>
<msg timestamp="20230928 10:40:14.825" level="INFO">Command exited with return code 0.</msg>
<msg timestamp="20230928 10:40:14.825" level="INFO">${kill_pid} = </msg>
<status status="PASS" starttime="20230928 10:40:14.719" endtime="20230928 10:40:14.825"/>
</kw>
<kw name="Read" library="SSHLibrary">
<var>${output2}</var>
<arg>delay=2s</arg>
<doc>Consumes and returns everything available on the server output.</doc>
<msg timestamp="20230928 10:40:16.852" level="INFO">${output2} = </msg>
<status status="PASS" starttime="20230928 10:40:14.826" endtime="20230928 10:40:16.852"/>
</kw>
<kw name="Log To Console" library="BuiltIn">
<arg>${output2}</arg>
<doc>Logs the given message to the console.</doc>
<status status="PASS" starttime="20230928 10:40:16.853" endtime="20230928 10:40:16.854"/>
</kw>
<kw name="Log To Console" library="BuiltIn">
<arg>PID: ${pid}</arg>
<doc>Logs the given message to the console.</doc>
<status status="PASS" starttime="20230928 10:40:16.855" endtime="20230928 10:40:16.856"/>
</kw>
<status status="PASS" starttime="20230928 10:40:14.615" endtime="20230928 10:40:16.856"/>
</kw>
<status status="PASS" starttime="20230928 10:40:14.614" endtime="20230928 10:40:16.856"/>
</kw>
<doc>DESIGN STEPS

============

gRPC Tool Testing Using Automation

Step1:

Login to Receiver VM and Execute the command to make receiver ready to accept the files.

Step 2:

Login to Sender VM and Execute the command to send a files

Step 3:

Check the eexcuted command is success or fail

Step4:

Login to Rceiver Command and check the file is recived at Receiver VM.

*ASSIGNEE=#####*</doc>
<tag>gRPC</tag>
<tag>NewFeature</tag>
<tag>Regression</tag>
<timeout value="15 minutes"/>
<status status="PASS" starttime="20230928 10:40:06.504" endtime="20230928 10:40:16.857"/>
</test>
<kw name="Suite Teardown Demo" library="grpc_keywords" type="TEARDOWN">
<kw name="Close All Connections" library="SSHLibrary">
<doc>Closes all open connections.</doc>
<status status="PASS" starttime="20230928 10:40:16.860" endtime="20230928 10:40:16.873"/>
</kw>
<status status="PASS" starttime="20230928 10:40:16.859" endtime="20230928 10:40:16.874"/>
</kw>
<status status="FAIL" starttime="20230928 10:39:04.947" endtime="20230928 10:40:16.874"/>
</suite>
<statistics>
<total>
<stat pass="6" fail="1" skip="0">All Tests</stat>
</total>
<tag>
<stat pass="6" fail="1" skip="0">gRPC</stat>
<stat pass="6" fail="1" skip="0">NewFeature</stat>
<stat pass="6" fail="1" skip="0">Regression</stat>
</tag>
<suite>
<stat pass="6" fail="1" skip="0" id="s1" name="gRPC Testing">gRPC Testing</stat>
</suite>
</statistics>
<errors>
</errors>
</robot>
